#
# There is insufficient memory for the Java Runtime Environment to continue.
# Native memory allocation (malloc) failed to allocate 32744 bytes for ChunkPool::allocate
# Possible reasons:
#   The system is out of physical RAM or swap space
#   The process is running with CompressedOops enabled, and the Java Heap may be blocking the growth of the native heap
# Possible solutions:
#   Reduce memory load on the system
#   Increase physical memory or swap space
#   Check if swap backing store is full
#   Decrease Java heap size (-Xmx/-Xms)
#   Decrease number of Java threads
#   Decrease Java thread stack sizes (-Xss)
#   Set larger code cache with -XX:ReservedCodeCacheSize=
#   JVM is running with Unscaled Compressed Oops mode in which the Java heap is
#     placed in the first 4GB address space. The Java Heap base address is the
#     maximum limit for the native heap growth. Please use -XX:HeapBaseMinAddress
#     to set the Java Heap base and to place the Java Heap above 4GB virtual address.
# This output file may be truncated or incomplete.
#
#  Out of Memory Error (arena.cpp:78), pid=110440, tid=115468
#
# JRE version: Java(TM) SE Runtime Environment (17.0.5+9) (build 17.0.5+9-LTS-191)
# Java VM: Java HotSpot(TM) 64-Bit Server VM (17.0.5+9-LTS-191, mixed mode, sharing, tiered, compressed oops, compressed class ptrs, g1 gc, windows-amd64)
# No core dump will be written. Minidumps are not enabled by default on client versions of Windows
#

---------------  S U M M A R Y ------------

Command Line: --add-opens=java.base/java.util=ALL-UNNAMED --add-opens=java.base/java.lang=ALL-UNNAMED --add-opens=java.base/java.lang.invoke=ALL-UNNAMED --add-opens=java.prefs/java.util.prefs=ALL-UNNAMED --add-opens=java.base/java.nio.charset=ALL-UNNAMED --add-opens=java.base/java.net=ALL-UNNAMED --add-opens=java.base/java.util.concurrent.atomic=ALL-UNNAMED -XX:MaxMetaspaceSize=384m -XX:+HeapDumpOnOutOfMemoryError -Xms256m -Xmx512m -Dfile.encoding=x-windows-949 -Duser.country=KR -Duser.language=ko -Duser.variant -javaagent:C:\Users\USER\.gradle\wrapper\dists\gradle-8.8-bin\dl7vupf4psengwqhwktix4v1\gradle-8.8\lib\agents\gradle-instrumentation-agent-8.8.jar org.gradle.launcher.daemon.bootstrap.GradleDaemon 8.8

Host: Intel(R) Core(TM) i5-1035G1 CPU @ 1.00GHz, 8 cores, 7G,  Windows 10 , 64 bit Build 19041 (10.0.19041.2913)
Time: Thu Jun 13 16:44:55 2024  Windows 10 , 64 bit Build 19041 (10.0.19041.2913) elapsed time: 260.320861 seconds (0d 0h 4m 20s)

---------------  T H R E A D  ---------------

Current thread (0x00000297e9219f60):  JavaThread "C2 CompilerThread0" daemon [_thread_in_native, id=115468, stack(0x000000a9bcb00000,0x000000a9bcc00000)]


Current CompileTask:
C2: 260321 6946       4       org.gradle.internal.reflect.ClassInspector::inspectClass (179 bytes)

Stack: [0x000000a9bcb00000,0x000000a9bcc00000]
Native frames: (J=compiled Java code, j=interpreted, Vv=VM code, C=native code)
V  [jvm.dll+0x672eea]
V  [jvm.dll+0x7d2a04]
V  [jvm.dll+0x7d41ae]
V  [jvm.dll+0x7d4813]
V  [jvm.dll+0x242c15]
V  [jvm.dll+0xaa7c0]
V  [jvm.dll+0xaab0c]
V  [jvm.dll+0x365ad0]
V  [jvm.dll+0x365021]
V  [jvm.dll+0x365064]
V  [jvm.dll+0x55c885]
V  [jvm.dll+0x55d0b3]
V  [jvm.dll+0x32a660]
V  [jvm.dll+0x329ada]
V  [jvm.dll+0x215cc1]
V  [jvm.dll+0x2150e1]
V  [jvm.dll+0x1a18ed]
V  [jvm.dll+0x22493a]
V  [jvm.dll+0x222aa5]
V  [jvm.dll+0x7885db]
V  [jvm.dll+0x782b4a]
V  [jvm.dll+0x671d75]
C  [ucrtbase.dll+0x21bb2]
C  [KERNEL32.DLL+0x17614]
C  [ntdll.dll+0x526a1]


---------------  P R O C E S S  ---------------

Threads class SMR info:
_java_thread_list=0x00000297ecb7bea0, length=71, elements={
0x00000297ce950640, 0x00000297e91f37e0, 0x00000297e91f42a0, 0x00000297e9212550,
0x00000297e9213010, 0x00000297e92179f0, 0x00000297e92182b0, 0x00000297e9219f60,
0x00000297e9c08120, 0x00000297e9c0cc60, 0x00000297e9c96f60, 0x00000297e9d661e0,
0x00000297ea907020, 0x00000297ea3a9070, 0x00000297ea5d1ad0, 0x00000297e9dc3910,
0x00000297eaab6d40, 0x00000297eb7cb250, 0x00000297e9f07b00, 0x00000297ea4fea10,
0x00000297eb3d9880, 0x00000297eb3d8a10, 0x00000297eb3d7200, 0x00000297eb3d6390,
0x00000297eb3d6860, 0x00000297eb3d6d30, 0x00000297ed847860, 0x00000297ed847d30,
0x00000297eb2e78c0, 0x00000297eb2e8730, 0x00000297eb2e8260, 0x00000297eb2e7d90,
0x00000297ec80e070, 0x00000297ec80ea10, 0x00000297ed1c63b0, 0x00000297ec80e540,
0x00000297eb2e90d0, 0x00000297ed1c5a10, 0x00000297ecefca00, 0x00000297ed1c5ee0,
0x00000297ec80f3b0, 0x00000297ec80f880, 0x00000297ed083870, 0x00000297ed083d40,
0x00000297ed0846e0, 0x00000297ed084210, 0x00000297ed085550, 0x00000297ed084bb0,
0x00000297eb640a00, 0x00000297eb6413a0, 0x00000297eb640530, 0x00000297eb640ed0,
0x00000297eb641870, 0x00000297eb640060, 0x00000297eb642540, 0x00000297eb642070,
0x00000297eb643880, 0x00000297eb642a10, 0x00000297eb642ee0, 0x00000297ecefd3a0,
0x00000297ecefced0, 0x00000297ecefd870, 0x00000297eb6433b0, 0x00000297ee0be210,
0x00000297ecefc060, 0x00000297ed085080, 0x00000297ecefc530, 0x00000297ed1c6880,
0x00000297ed085a20, 0x00000297ed082530, 0x00000297ee1193b0
}

Java Threads: ( => current thread )
  0x00000297ce950640 JavaThread "main" [_thread_blocked, id=96248, stack(0x000000a9bbe00000,0x000000a9bbf00000)]
  0x00000297e91f37e0 JavaThread "Reference Handler" daemon [_thread_blocked, id=112520, stack(0x000000a9bc500000,0x000000a9bc600000)]
  0x00000297e91f42a0 JavaThread "Finalizer" daemon [_thread_blocked, id=115816, stack(0x000000a9bc600000,0x000000a9bc700000)]
  0x00000297e9212550 JavaThread "Signal Dispatcher" daemon [_thread_blocked, id=117548, stack(0x000000a9bc700000,0x000000a9bc800000)]
  0x00000297e9213010 JavaThread "Attach Listener" daemon [_thread_blocked, id=116644, stack(0x000000a9bc800000,0x000000a9bc900000)]
  0x00000297e92179f0 JavaThread "Service Thread" daemon [_thread_blocked, id=115776, stack(0x000000a9bc900000,0x000000a9bca00000)]
  0x00000297e92182b0 JavaThread "Monitor Deflation Thread" daemon [_thread_blocked, id=116284, stack(0x000000a9bca00000,0x000000a9bcb00000)]
=>0x00000297e9219f60 JavaThread "C2 CompilerThread0" daemon [_thread_in_native, id=115468, stack(0x000000a9bcb00000,0x000000a9bcc00000)]
  0x00000297e9c08120 JavaThread "C1 CompilerThread0" daemon [_thread_blocked, id=116776, stack(0x000000a9bcc00000,0x000000a9bcd00000)]
  0x00000297e9c0cc60 JavaThread "Sweeper thread" daemon [_thread_blocked, id=116748, stack(0x000000a9bcd00000,0x000000a9bce00000)]
  0x00000297e9c96f60 JavaThread "Common-Cleaner" daemon [_thread_blocked, id=115784, stack(0x000000a9bce00000,0x000000a9bcf00000)]
  0x00000297e9d661e0 JavaThread "Notification Thread" daemon [_thread_blocked, id=112456, stack(0x000000a9bcf00000,0x000000a9bd000000)]
  0x00000297ea907020 JavaThread "Daemon health stats" [_thread_blocked, id=118652, stack(0x000000a9bd600000,0x000000a9bd700000)]
  0x00000297ea3a9070 JavaThread "Incoming local TCP Connector on port 64495" [_thread_in_native, id=118780, stack(0x000000a9bd700000,0x000000a9bd800000)]
  0x00000297ea5d1ad0 JavaThread "Daemon periodic checks" [_thread_blocked, id=113084, stack(0x000000a9bd800000,0x000000a9bd900000)]
  0x00000297e9dc3910 JavaThread "Daemon" [_thread_blocked, id=117968, stack(0x000000a9bd900000,0x000000a9bda00000)]
  0x00000297eaab6d40 JavaThread "Handler for socket connection from /127.0.0.1:64495 to /127.0.0.1:64497" [_thread_in_native, id=117972, stack(0x000000a9bda00000,0x000000a9bdb00000)]
  0x00000297eb7cb250 JavaThread "Cancel handler" [_thread_blocked, id=114288, stack(0x000000a9bdb00000,0x000000a9bdc00000)]
  0x00000297e9f07b00 JavaThread "Daemon worker" [_thread_in_Java, id=118052, stack(0x000000a9bdc00000,0x000000a9bdd00000)]
  0x00000297ea4fea10 JavaThread "Asynchronous log dispatcher for DefaultDaemonConnection: socket connection from /127.0.0.1:64495 to /127.0.0.1:64497" [_thread_blocked, id=118092, stack(0x000000a9bdd00000,0x000000a9bde00000)]
  0x00000297eb3d9880 JavaThread "Stdin handler" [_thread_blocked, id=118088, stack(0x000000a9bde00000,0x000000a9bdf00000)]
  0x00000297eb3d8a10 JavaThread "Daemon client event forwarder" [_thread_in_Java, id=118096, stack(0x000000a9bdf00000,0x000000a9be000000)]
  0x00000297eb3d7200 JavaThread "Cache worker for journal cache (C:\Users\USER\.gradle\caches\journal-1)" [_thread_blocked, id=117920, stack(0x000000a9be000000,0x000000a9be100000)]
  0x00000297eb3d6390 JavaThread "File lock request listener" [_thread_in_native, id=117836, stack(0x000000a9be100000,0x000000a9be200000)]
  0x00000297eb3d6860 JavaThread "Cache worker for file hash cache (C:\Users\USER\.gradle\caches\8.8\fileHashes)" [_thread_blocked, id=74896, stack(0x000000a9be300000,0x000000a9be400000)]
  0x00000297eb3d6d30 JavaThread "Cache worker for file hash cache (C:\coding\Sunjoo\sunjoo-server-gateway\.gradle\8.8\fileHashes)" [_thread_blocked, id=110612, stack(0x000000a9be400000,0x000000a9be500000)]
  0x00000297ed847860 JavaThread "File watcher server" daemon [_thread_in_native, id=65752, stack(0x000000a9be700000,0x000000a9be800000)]
  0x00000297ed847d30 JavaThread "File watcher consumer" daemon [_thread_blocked, id=43700, stack(0x000000a9be800000,0x000000a9be900000)]
  0x00000297eb2e78c0 JavaThread "Cache worker for checksums cache (C:\coding\Sunjoo\sunjoo-server-gateway\.gradle\8.8\checksums)" [_thread_blocked, id=27800, stack(0x000000a9beb00000,0x000000a9bec00000)]
  0x00000297eb2e8730 JavaThread "Cache worker for file content cache (C:\Users\USER\.gradle\caches\8.8\fileContent)" [_thread_blocked, id=105176, stack(0x000000a9bed00000,0x000000a9bee00000)]
  0x00000297eb2e8260 JavaThread "Cache worker for cache directory md-rule (C:\Users\USER\.gradle\caches\8.8\md-rule)" [_thread_blocked, id=102700, stack(0x000000a9bee00000,0x000000a9bef00000)]
  0x00000297eb2e7d90 JavaThread "Cache worker for cache directory md-supplier (C:\Users\USER\.gradle\caches\8.8\md-supplier)" [_thread_blocked, id=116296, stack(0x000000a9bef00000,0x000000a9bf000000)]
  0x00000297ec80e070 JavaThread "jar transforms" [_thread_blocked, id=116620, stack(0x000000a9bf000000,0x000000a9bf100000)]
  0x00000297ec80ea10 JavaThread "jar transforms Thread 2" [_thread_blocked, id=113524, stack(0x000000a9bf100000,0x000000a9bf200000)]
  0x00000297ed1c63b0 JavaThread "jar transforms Thread 3" [_thread_blocked, id=119140, stack(0x000000a9bbc00000,0x000000a9bbd00000)]
  0x00000297ec80e540 JavaThread "jar transforms Thread 4" [_thread_blocked, id=119656, stack(0x000000a9bbd00000,0x000000a9bbe00000)]
  0x00000297eb2e90d0 JavaThread "jar transforms Thread 5" [_thread_blocked, id=119064, stack(0x000000a9bf200000,0x000000a9bf300000)]
  0x00000297ed1c5a10 JavaThread "jar transforms Thread 6" [_thread_blocked, id=108656, stack(0x000000a9bf300000,0x000000a9bf400000)]
  0x00000297ecefca00 JavaThread "Cache worker for Build Output Cleanup Cache (C:\coding\Sunjoo\sunjoo-server-gateway\.gradle\buildOutputCleanup)" [_thread_blocked, id=114892, stack(0x000000a9bea00000,0x000000a9beb00000)]
  0x00000297ed1c5ee0 JavaThread "jar transforms Thread 7" [_thread_blocked, id=63636, stack(0x000000a9bf400000,0x000000a9bf500000)]
  0x00000297ec80f3b0 JavaThread "File lock release action executor Thread 2" [_thread_blocked, id=65772, stack(0x000000a9bf500000,0x000000a9bf600000)]
  0x00000297ec80f880 JavaThread "Unconstrained build operations" [_thread_blocked, id=104828, stack(0x000000a9bf600000,0x000000a9bf700000)]
  0x00000297ed083870 JavaThread "Unconstrained build operations Thread 2" [_thread_blocked, id=114840, stack(0x000000a9bf700000,0x000000a9bf800000)]
  0x00000297ed083d40 JavaThread "Unconstrained build operations Thread 3" [_thread_blocked, id=106628, stack(0x000000a9bf800000,0x000000a9bf900000)]
  0x00000297ed0846e0 JavaThread "Unconstrained build operations Thread 4" [_thread_blocked, id=106192, stack(0x000000a9bf900000,0x000000a9bfa00000)]
  0x00000297ed084210 JavaThread "Unconstrained build operations Thread 5" [_thread_blocked, id=118904, stack(0x000000a9bfa00000,0x000000a9bfb00000)]
  0x00000297ed085550 JavaThread "Unconstrained build operations Thread 6" [_thread_blocked, id=108052, stack(0x000000a9bfb00000,0x000000a9bfc00000)]
  0x00000297ed084bb0 JavaThread "Unconstrained build operations Thread 7" [_thread_blocked, id=106964, stack(0x000000a9bfc00000,0x000000a9bfd00000)]
  0x00000297eb640a00 JavaThread "Unconstrained build operations Thread 8" [_thread_blocked, id=113556, stack(0x000000a9bfd00000,0x000000a9bfe00000)]
  0x00000297eb6413a0 JavaThread "Unconstrained build operations Thread 9" [_thread_blocked, id=107948, stack(0x000000a9bfe00000,0x000000a9bff00000)]
  0x00000297eb640530 JavaThread "Unconstrained build operations Thread 10" [_thread_blocked, id=114436, stack(0x000000a9bff00000,0x000000a9c0000000)]
  0x00000297eb640ed0 JavaThread "Unconstrained build operations Thread 11" [_thread_blocked, id=105584, stack(0x000000a9c0000000,0x000000a9c0100000)]
  0x00000297eb641870 JavaThread "Unconstrained build operations Thread 12" [_thread_blocked, id=111332, stack(0x000000a9c0100000,0x000000a9c0200000)]
  0x00000297eb640060 JavaThread "Unconstrained build operations Thread 13" [_thread_blocked, id=114264, stack(0x000000a9c0200000,0x000000a9c0300000)]
  0x00000297eb642540 JavaThread "Unconstrained build operations Thread 14" [_thread_blocked, id=102272, stack(0x000000a9c0300000,0x000000a9c0400000)]
  0x00000297eb642070 JavaThread "Unconstrained build operations Thread 15" [_thread_blocked, id=115280, stack(0x000000a9c0400000,0x000000a9c0500000)]
  0x00000297eb643880 JavaThread "Unconstrained build operations Thread 16" [_thread_blocked, id=115052, stack(0x000000a9c0500000,0x000000a9c0600000)]
  0x00000297eb642a10 JavaThread "Unconstrained build operations Thread 17" [_thread_blocked, id=113444, stack(0x000000a9c0600000,0x000000a9c0700000)]
  0x00000297eb642ee0 JavaThread "Unconstrained build operations Thread 18" [_thread_blocked, id=111176, stack(0x000000a9c0700000,0x000000a9c0800000)]
  0x00000297ecefd3a0 JavaThread "Unconstrained build operations Thread 19" [_thread_blocked, id=111484, stack(0x000000a9c0800000,0x000000a9c0900000)]
  0x00000297ecefced0 JavaThread "Unconstrained build operations Thread 20" [_thread_blocked, id=87720, stack(0x000000a9c0900000,0x000000a9c0a00000)]
  0x00000297ecefd870 JavaThread "Unconstrained build operations Thread 21" [_thread_blocked, id=112156, stack(0x000000a9c0a00000,0x000000a9c0b00000)]
  0x00000297eb6433b0 JavaThread "Memory manager" [_thread_in_Java, id=120772, stack(0x000000a9be200000,0x000000a9be300000)]
  0x00000297ee0be210 JavaThread "jar transforms Thread 8" [_thread_blocked, id=112588, stack(0x000000a9bec00000,0x000000a9bed00000)]
  0x00000297ecefc060 JavaThread "ForkJoinPool.commonPool-worker-1" daemon [_thread_blocked, id=118580, stack(0x000000a9c0b00000,0x000000a9c0c00000)]
  0x00000297ed085080 JavaThread "ForkJoinPool.commonPool-worker-2" daemon [_thread_blocked, id=64572, stack(0x000000a9c0c00000,0x000000a9c0d00000)]
  0x00000297ecefc530 JavaThread "ForkJoinPool.commonPool-worker-3" daemon [_thread_blocked, id=119608, stack(0x000000a9c0d00000,0x000000a9c0e00000)]
  0x00000297ed1c6880 JavaThread "ForkJoinPool.commonPool-worker-4" daemon [_thread_blocked, id=108864, stack(0x000000a9c0e00000,0x000000a9c0f00000)]
  0x00000297ed085a20 JavaThread "ForkJoinPool.commonPool-worker-5" daemon [_thread_blocked, id=115096, stack(0x000000a9c0f00000,0x000000a9c1000000)]
  0x00000297ed082530 JavaThread "ForkJoinPool.commonPool-worker-7" daemon [_thread_blocked, id=108252, stack(0x000000a9c1000000,0x000000a9c1100000)]
  0x00000297ee1193b0 JavaThread "ForkJoinPool.commonPool-worker-6" daemon [_thread_blocked, id=120800, stack(0x000000a9c1100000,0x000000a9c1200000)]

Other Threads:
  0x00000297e91ef6a0 VMThread "VM Thread" [stack: 0x000000a9bc400000,0x000000a9bc500000] [id=104240] _threads_hazard_ptr=0x00000297ecb7bea0
  0x00000297e9d666b0 WatcherThread [stack: 0x000000a9bd000000,0x000000a9bd100000] [id=109924]
  0x00000297ce97f470 GCTaskThread "GC Thread#0" [stack: 0x000000a9bbf00000,0x000000a9bc000000] [id=110916]
  0x00000297ea7b8050 GCTaskThread "GC Thread#1" [stack: 0x000000a9bd100000,0x000000a9bd200000] [id=108004]
  0x00000297ea7b8300 GCTaskThread "GC Thread#2" [stack: 0x000000a9bd200000,0x000000a9bd300000] [id=116128]
  0x00000297ea7b85b0 GCTaskThread "GC Thread#3" [stack: 0x000000a9bd300000,0x000000a9bd400000] [id=107120]
  0x00000297ea5fc6e0 GCTaskThread "GC Thread#4" [stack: 0x000000a9bd400000,0x000000a9bd500000] [id=117756]
  0x00000297ea5fc990 GCTaskThread "GC Thread#5" [stack: 0x000000a9bd500000,0x000000a9bd600000] [id=2600]
  0x00000297eafae030 GCTaskThread "GC Thread#6" [stack: 0x000000a9be500000,0x000000a9be600000] [id=111112]
  0x00000297ecee2750 GCTaskThread "GC Thread#7" [stack: 0x000000a9be600000,0x000000a9be700000] [id=67560]
  0x00000297ce9852d0 ConcurrentGCThread "G1 Main Marker" [stack: 0x000000a9bc000000,0x000000a9bc100000] [id=114720]
  0x00000297ce985bf0 ConcurrentGCThread "G1 Conc#0" [stack: 0x000000a9bc100000,0x000000a9bc200000] [id=113700]
  0x00000297ea8fe8a0 ConcurrentGCThread "G1 Conc#1" [stack: 0x000000a9be900000,0x000000a9bea00000] [id=46104]
  0x00000297cea2d1a0 ConcurrentGCThread "G1 Refine#0" [stack: 0x000000a9bc200000,0x000000a9bc300000] [id=107380]
  0x00000297cea2dad0 ConcurrentGCThread "G1 Service" [stack: 0x000000a9bc300000,0x000000a9bc400000] [id=110676]

Threads with active compile tasks:
C2 CompilerThread0   260709 6946       4       org.gradle.internal.reflect.ClassInspector::inspectClass (179 bytes)

VM state: synchronizing (normal execution)

VM Mutex/Monitor currently owned by a thread:  ([mutex/lock_event])
[0x00000297ce94dab0] Threads_lock - owner thread: 0x00000297e91ef6a0

Heap address: 0x00000000e0000000, size: 512 MB, Compressed Oops mode: 32-bit

CDS archive(s) mapped at: [0x0000000800000000-0x0000000800bd0000-0x0000000800bd0000), size 12386304, SharedBaseAddress: 0x0000000800000000, ArchiveRelocationMode: 0.
Compressed class space mapped at: 0x0000000800c00000-0x0000000814000000, reserved size: 322961408
Narrow klass base: 0x0000000800000000, Narrow klass shift: 0, Narrow klass range: 0x100000000

GC Precious Log:
 CPUs: 8 total, 8 available
 Memory: 7880M
 Large Page Support: Disabled
 NUMA Support: Disabled
 Compressed Oops: Enabled (32-bit)
 Heap Region Size: 1M
 Heap Min Capacity: 256M
 Heap Initial Capacity: 256M
 Heap Max Capacity: 512M
 Pre-touch: Disabled
 Parallel Workers: 8
 Concurrent Workers: 2
 Concurrent Refinement Workers: 8
 Periodic GC: Disabled

Heap:
 garbage-first heap   total 262144K, used 171997K [0x00000000e0000000, 0x0000000100000000)
  region size 1024K, 139 young (142336K), 3 survivors (3072K)
 Metaspace       used 50228K, committed 50752K, reserved 364544K
  class space    used 7163K, committed 7424K, reserved 315392K

Heap Regions: E=young(eden), S=young(survivor), O=old, HS=humongous(starts), HC=humongous(continues), CS=collection set, F=free, OA=open archive, CA=closed archive, TAMS=top-at-mark-start (previous, next)
|   0|0x00000000e0000000, 0x00000000e0100000, 0x00000000e0100000|100%|HS|  |TAMS 0x00000000e0100000, 0x00000000e0000000| Complete 
|   1|0x00000000e0100000, 0x00000000e0200000, 0x00000000e0200000|100%|HC|  |TAMS 0x00000000e0200000, 0x00000000e0100000| Complete 
|   2|0x00000000e0200000, 0x00000000e0300000, 0x00000000e0300000|100%|HC|  |TAMS 0x00000000e0300000, 0x00000000e0200000| Complete 
|   3|0x00000000e0300000, 0x00000000e0400000, 0x00000000e0400000|100%|HC|  |TAMS 0x00000000e0400000, 0x00000000e0300000| Complete 
|   4|0x00000000e0400000, 0x00000000e0500000, 0x00000000e0500000|100%| O|  |TAMS 0x00000000e0500000, 0x00000000e0400000| Untracked 
|   5|0x00000000e0500000, 0x00000000e0600000, 0x00000000e0600000|100%| O|  |TAMS 0x00000000e0600000, 0x00000000e0500000| Untracked 
|   6|0x00000000e0600000, 0x00000000e0700000, 0x00000000e0700000|100%| O|  |TAMS 0x00000000e0700000, 0x00000000e0600000| Untracked 
|   7|0x00000000e0700000, 0x00000000e0800000, 0x00000000e0800000|100%| O|  |TAMS 0x00000000e0800000, 0x00000000e0700000| Untracked 
|   8|0x00000000e0800000, 0x00000000e0900000, 0x00000000e0900000|100%| O|  |TAMS 0x00000000e0900000, 0x00000000e0800000| Untracked 
|   9|0x00000000e0900000, 0x00000000e0a00000, 0x00000000e0a00000|100%| O|  |TAMS 0x00000000e0a00000, 0x00000000e0900000| Untracked 
|  10|0x00000000e0a00000, 0x00000000e0b00000, 0x00000000e0b00000|100%| O|  |TAMS 0x00000000e0b00000, 0x00000000e0a00000| Untracked 
|  11|0x00000000e0b00000, 0x00000000e0c00000, 0x00000000e0c00000|100%|HS|  |TAMS 0x00000000e0c00000, 0x00000000e0b00000| Complete 
|  12|0x00000000e0c00000, 0x00000000e0d00000, 0x00000000e0d00000|100%| O|  |TAMS 0x00000000e0d00000, 0x00000000e0c00000| Untracked 
|  13|0x00000000e0d00000, 0x00000000e0e00000, 0x00000000e0e00000|100%| O|  |TAMS 0x00000000e0e00000, 0x00000000e0d00000| Untracked 
|  14|0x00000000e0e00000, 0x00000000e0f00000, 0x00000000e0f00000|100%| O|  |TAMS 0x00000000e0f00000, 0x00000000e0e00000| Untracked 
|  15|0x00000000e0f00000, 0x00000000e1000000, 0x00000000e1000000|100%| O|  |TAMS 0x00000000e1000000, 0x00000000e0f00000| Untracked 
|  16|0x00000000e1000000, 0x00000000e1100000, 0x00000000e1100000|100%| O|  |TAMS 0x00000000e1100000, 0x00000000e1000000| Untracked 
|  17|0x00000000e1100000, 0x00000000e1200000, 0x00000000e1200000|100%| O|  |TAMS 0x00000000e1200000, 0x00000000e1100000| Untracked 
|  18|0x00000000e1200000, 0x00000000e1300000, 0x00000000e1300000|100%| O|  |TAMS 0x00000000e1300000, 0x00000000e1200000| Untracked 
|  19|0x00000000e1300000, 0x00000000e1400000, 0x00000000e1400000|100%| O|  |TAMS 0x00000000e1400000, 0x00000000e1300000| Untracked 
|  20|0x00000000e1400000, 0x00000000e1500000, 0x00000000e1500000|100%| O|  |TAMS 0x00000000e1500000, 0x00000000e1400000| Untracked 
|  21|0x00000000e1500000, 0x00000000e1600000, 0x00000000e1600000|100%| O|  |TAMS 0x00000000e1600000, 0x00000000e1500000| Untracked 
|  22|0x00000000e1600000, 0x00000000e1700000, 0x00000000e1700000|100%| O|  |TAMS 0x00000000e16da400, 0x00000000e1600000| Untracked 
|  23|0x00000000e1700000, 0x00000000e1700000, 0x00000000e1800000|  0%| F|  |TAMS 0x00000000e1700000, 0x00000000e1700000| Untracked 
|  24|0x00000000e1800000, 0x00000000e1800000, 0x00000000e1900000|  0%| F|  |TAMS 0x00000000e1800000, 0x00000000e1800000| Untracked 
|  25|0x00000000e1900000, 0x00000000e1a00000, 0x00000000e1a00000|100%| O|  |TAMS 0x00000000e1900000, 0x00000000e1900000| Untracked 
|  26|0x00000000e1a00000, 0x00000000e1b00000, 0x00000000e1b00000|100%| O|  |TAMS 0x00000000e1a00000, 0x00000000e1a00000| Untracked 
|  27|0x00000000e1b00000, 0x00000000e1c00000, 0x00000000e1c00000|100%| O|  |TAMS 0x00000000e1b00000, 0x00000000e1b00000| Untracked 
|  28|0x00000000e1c00000, 0x00000000e1d00000, 0x00000000e1d00000|100%| O|  |TAMS 0x00000000e1c00000, 0x00000000e1c00000| Untracked 
|  29|0x00000000e1d00000, 0x00000000e1e00000, 0x00000000e1e00000|100%| O|  |TAMS 0x00000000e1d00000, 0x00000000e1d00000| Untracked 
|  30|0x00000000e1e00000, 0x00000000e1f00000, 0x00000000e1f00000|100%| O|  |TAMS 0x00000000e1e00000, 0x00000000e1e00000| Untracked 
|  31|0x00000000e1f00000, 0x00000000e2000000, 0x00000000e2000000|100%| O|  |TAMS 0x00000000e1f00000, 0x00000000e1f00000| Untracked 
|  32|0x00000000e2000000, 0x00000000e2100000, 0x00000000e2100000|100%| O|  |TAMS 0x00000000e2000000, 0x00000000e2000000| Untracked 
|  33|0x00000000e2100000, 0x00000000e2178400, 0x00000000e2200000| 46%| O|  |TAMS 0x00000000e2100000, 0x00000000e2100000| Untracked 
|  34|0x00000000e2200000, 0x00000000e2200000, 0x00000000e2300000|  0%| F|  |TAMS 0x00000000e2200000, 0x00000000e2200000| Untracked 
|  35|0x00000000e2300000, 0x00000000e2300000, 0x00000000e2400000|  0%| F|  |TAMS 0x00000000e2300000, 0x00000000e2300000| Untracked 
|  36|0x00000000e2400000, 0x00000000e2400000, 0x00000000e2500000|  0%| F|  |TAMS 0x00000000e2400000, 0x00000000e2400000| Untracked 
|  37|0x00000000e2500000, 0x00000000e2500000, 0x00000000e2600000|  0%| F|  |TAMS 0x00000000e2500000, 0x00000000e2500000| Untracked 
|  38|0x00000000e2600000, 0x00000000e2600000, 0x00000000e2700000|  0%| F|  |TAMS 0x00000000e2600000, 0x00000000e2600000| Untracked 
|  39|0x00000000e2700000, 0x00000000e2700000, 0x00000000e2800000|  0%| F|  |TAMS 0x00000000e2700000, 0x00000000e2700000| Untracked 
|  40|0x00000000e2800000, 0x00000000e2800000, 0x00000000e2900000|  0%| F|  |TAMS 0x00000000e2800000, 0x00000000e2800000| Untracked 
|  41|0x00000000e2900000, 0x00000000e2900000, 0x00000000e2a00000|  0%| F|  |TAMS 0x00000000e2900000, 0x00000000e2900000| Untracked 
|  42|0x00000000e2a00000, 0x00000000e2a00000, 0x00000000e2b00000|  0%| F|  |TAMS 0x00000000e2a00000, 0x00000000e2a00000| Untracked 
|  43|0x00000000e2b00000, 0x00000000e2b00000, 0x00000000e2c00000|  0%| F|  |TAMS 0x00000000e2b00000, 0x00000000e2b00000| Untracked 
|  44|0x00000000e2c00000, 0x00000000e2c00000, 0x00000000e2d00000|  0%| F|  |TAMS 0x00000000e2c00000, 0x00000000e2c00000| Untracked 
|  45|0x00000000e2d00000, 0x00000000e2d00000, 0x00000000e2e00000|  0%| F|  |TAMS 0x00000000e2d00000, 0x00000000e2d00000| Untracked 
|  46|0x00000000e2e00000, 0x00000000e2e00000, 0x00000000e2f00000|  0%| F|  |TAMS 0x00000000e2e00000, 0x00000000e2e00000| Untracked 
|  47|0x00000000e2f00000, 0x00000000e2f00000, 0x00000000e3000000|  0%| F|  |TAMS 0x00000000e2f00000, 0x00000000e2f00000| Untracked 
|  48|0x00000000e3000000, 0x00000000e3000000, 0x00000000e3100000|  0%| F|  |TAMS 0x00000000e3000000, 0x00000000e3000000| Untracked 
|  49|0x00000000e3100000, 0x00000000e3100000, 0x00000000e3200000|  0%| F|  |TAMS 0x00000000e3100000, 0x00000000e3100000| Untracked 
|  50|0x00000000e3200000, 0x00000000e3200000, 0x00000000e3300000|  0%| F|  |TAMS 0x00000000e3200000, 0x00000000e3200000| Untracked 
|  51|0x00000000e3300000, 0x00000000e3300000, 0x00000000e3400000|  0%| F|  |TAMS 0x00000000e3300000, 0x00000000e3300000| Untracked 
|  52|0x00000000e3400000, 0x00000000e3400000, 0x00000000e3500000|  0%| F|  |TAMS 0x00000000e3400000, 0x00000000e3400000| Untracked 
|  53|0x00000000e3500000, 0x00000000e3500000, 0x00000000e3600000|  0%| F|  |TAMS 0x00000000e3500000, 0x00000000e3500000| Untracked 
|  54|0x00000000e3600000, 0x00000000e3600000, 0x00000000e3700000|  0%| F|  |TAMS 0x00000000e3600000, 0x00000000e3600000| Untracked 
|  55|0x00000000e3700000, 0x00000000e3700000, 0x00000000e3800000|  0%| F|  |TAMS 0x00000000e3700000, 0x00000000e3700000| Untracked 
|  56|0x00000000e3800000, 0x00000000e3800000, 0x00000000e3900000|  0%| F|  |TAMS 0x00000000e3800000, 0x00000000e3800000| Untracked 
|  57|0x00000000e3900000, 0x00000000e3900000, 0x00000000e3a00000|  0%| F|  |TAMS 0x00000000e3900000, 0x00000000e3900000| Untracked 
|  58|0x00000000e3a00000, 0x00000000e3a00000, 0x00000000e3b00000|  0%| F|  |TAMS 0x00000000e3a00000, 0x00000000e3a00000| Untracked 
|  59|0x00000000e3b00000, 0x00000000e3b00000, 0x00000000e3c00000|  0%| F|  |TAMS 0x00000000e3b00000, 0x00000000e3b00000| Untracked 
|  60|0x00000000e3c00000, 0x00000000e3c00000, 0x00000000e3d00000|  0%| F|  |TAMS 0x00000000e3c00000, 0x00000000e3c00000| Untracked 
|  61|0x00000000e3d00000, 0x00000000e3d00000, 0x00000000e3e00000|  0%| F|  |TAMS 0x00000000e3d00000, 0x00000000e3d00000| Untracked 
|  62|0x00000000e3e00000, 0x00000000e3e00000, 0x00000000e3f00000|  0%| F|  |TAMS 0x00000000e3e00000, 0x00000000e3e00000| Untracked 
|  63|0x00000000e3f00000, 0x00000000e3f00000, 0x00000000e4000000|  0%| F|  |TAMS 0x00000000e3f00000, 0x00000000e3f00000| Untracked 
|  64|0x00000000e4000000, 0x00000000e4000000, 0x00000000e4100000|  0%| F|  |TAMS 0x00000000e4000000, 0x00000000e4000000| Untracked 
|  65|0x00000000e4100000, 0x00000000e4100000, 0x00000000e4200000|  0%| F|  |TAMS 0x00000000e4100000, 0x00000000e4100000| Untracked 
|  66|0x00000000e4200000, 0x00000000e4200000, 0x00000000e4300000|  0%| F|  |TAMS 0x00000000e4200000, 0x00000000e4200000| Untracked 
|  67|0x00000000e4300000, 0x00000000e4300000, 0x00000000e4400000|  0%| F|  |TAMS 0x00000000e4300000, 0x00000000e4300000| Untracked 
|  68|0x00000000e4400000, 0x00000000e4400000, 0x00000000e4500000|  0%| F|  |TAMS 0x00000000e4400000, 0x00000000e4400000| Untracked 
|  69|0x00000000e4500000, 0x00000000e4500000, 0x00000000e4600000|  0%| F|  |TAMS 0x00000000e4500000, 0x00000000e4500000| Untracked 
|  70|0x00000000e4600000, 0x00000000e4600000, 0x00000000e4700000|  0%| F|  |TAMS 0x00000000e4600000, 0x00000000e4600000| Untracked 
|  71|0x00000000e4700000, 0x00000000e4700000, 0x00000000e4800000|  0%| F|  |TAMS 0x00000000e4700000, 0x00000000e4700000| Untracked 
|  72|0x00000000e4800000, 0x00000000e4800000, 0x00000000e4900000|  0%| F|  |TAMS 0x00000000e4800000, 0x00000000e4800000| Untracked 
|  73|0x00000000e4900000, 0x00000000e4900000, 0x00000000e4a00000|  0%| F|  |TAMS 0x00000000e4900000, 0x00000000e4900000| Untracked 
|  74|0x00000000e4a00000, 0x00000000e4a00000, 0x00000000e4b00000|  0%| F|  |TAMS 0x00000000e4a00000, 0x00000000e4a00000| Untracked 
|  75|0x00000000e4b00000, 0x00000000e4b00000, 0x00000000e4c00000|  0%| F|  |TAMS 0x00000000e4b00000, 0x00000000e4b00000| Untracked 
|  76|0x00000000e4c00000, 0x00000000e4c00000, 0x00000000e4d00000|  0%| F|  |TAMS 0x00000000e4c00000, 0x00000000e4c00000| Untracked 
|  77|0x00000000e4d00000, 0x00000000e4d00000, 0x00000000e4e00000|  0%| F|  |TAMS 0x00000000e4d00000, 0x00000000e4d00000| Untracked 
|  78|0x00000000e4e00000, 0x00000000e4e00000, 0x00000000e4f00000|  0%| F|  |TAMS 0x00000000e4e00000, 0x00000000e4e00000| Untracked 
|  79|0x00000000e4f00000, 0x00000000e4f00000, 0x00000000e5000000|  0%| F|  |TAMS 0x00000000e4f00000, 0x00000000e4f00000| Untracked 
|  80|0x00000000e5000000, 0x00000000e5000000, 0x00000000e5100000|  0%| F|  |TAMS 0x00000000e5000000, 0x00000000e5000000| Untracked 
|  81|0x00000000e5100000, 0x00000000e5100000, 0x00000000e5200000|  0%| F|  |TAMS 0x00000000e5100000, 0x00000000e5100000| Untracked 
|  82|0x00000000e5200000, 0x00000000e5200000, 0x00000000e5300000|  0%| F|  |TAMS 0x00000000e5200000, 0x00000000e5200000| Untracked 
|  83|0x00000000e5300000, 0x00000000e5300000, 0x00000000e5400000|  0%| F|  |TAMS 0x00000000e5300000, 0x00000000e5300000| Untracked 
|  84|0x00000000e5400000, 0x00000000e5400000, 0x00000000e5500000|  0%| F|  |TAMS 0x00000000e5400000, 0x00000000e5400000| Untracked 
|  85|0x00000000e5500000, 0x00000000e5500000, 0x00000000e5600000|  0%| F|  |TAMS 0x00000000e5500000, 0x00000000e5500000| Untracked 
|  86|0x00000000e5600000, 0x00000000e5600000, 0x00000000e5700000|  0%| F|  |TAMS 0x00000000e5600000, 0x00000000e5600000| Untracked 
|  87|0x00000000e5700000, 0x00000000e5700000, 0x00000000e5800000|  0%| F|  |TAMS 0x00000000e5700000, 0x00000000e5700000| Untracked 
|  88|0x00000000e5800000, 0x00000000e5800000, 0x00000000e5900000|  0%| F|  |TAMS 0x00000000e5800000, 0x00000000e5800000| Untracked 
|  89|0x00000000e5900000, 0x00000000e5900000, 0x00000000e5a00000|  0%| F|  |TAMS 0x00000000e5900000, 0x00000000e5900000| Untracked 
|  90|0x00000000e5a00000, 0x00000000e5a00000, 0x00000000e5b00000|  0%| F|  |TAMS 0x00000000e5a00000, 0x00000000e5a00000| Untracked 
|  91|0x00000000e5b00000, 0x00000000e5b00000, 0x00000000e5c00000|  0%| F|  |TAMS 0x00000000e5b00000, 0x00000000e5b00000| Untracked 
|  92|0x00000000e5c00000, 0x00000000e5c00000, 0x00000000e5d00000|  0%| F|  |TAMS 0x00000000e5c00000, 0x00000000e5c00000| Untracked 
|  93|0x00000000e5d00000, 0x00000000e5d00000, 0x00000000e5e00000|  0%| F|  |TAMS 0x00000000e5d00000, 0x00000000e5d00000| Untracked 
|  94|0x00000000e5e00000, 0x00000000e5e00000, 0x00000000e5f00000|  0%| F|  |TAMS 0x00000000e5e00000, 0x00000000e5e00000| Untracked 
|  95|0x00000000e5f00000, 0x00000000e5f00000, 0x00000000e6000000|  0%| F|  |TAMS 0x00000000e5f00000, 0x00000000e5f00000| Untracked 
|  96|0x00000000e6000000, 0x00000000e6000000, 0x00000000e6100000|  0%| F|  |TAMS 0x00000000e6000000, 0x00000000e6000000| Untracked 
|  97|0x00000000e6100000, 0x00000000e6100000, 0x00000000e6200000|  0%| F|  |TAMS 0x00000000e6100000, 0x00000000e6100000| Untracked 
|  98|0x00000000e6200000, 0x00000000e6200000, 0x00000000e6300000|  0%| F|  |TAMS 0x00000000e6200000, 0x00000000e6200000| Untracked 
|  99|0x00000000e6300000, 0x00000000e6300000, 0x00000000e6400000|  0%| F|  |TAMS 0x00000000e6300000, 0x00000000e6300000| Untracked 
| 100|0x00000000e6400000, 0x00000000e6400000, 0x00000000e6500000|  0%| F|  |TAMS 0x00000000e6400000, 0x00000000e6400000| Untracked 
| 101|0x00000000e6500000, 0x00000000e6500000, 0x00000000e6600000|  0%| F|  |TAMS 0x00000000e6500000, 0x00000000e6500000| Untracked 
| 102|0x00000000e6600000, 0x00000000e6600000, 0x00000000e6700000|  0%| F|  |TAMS 0x00000000e6600000, 0x00000000e6600000| Untracked 
| 103|0x00000000e6700000, 0x00000000e6700000, 0x00000000e6800000|  0%| F|  |TAMS 0x00000000e6700000, 0x00000000e6700000| Untracked 
| 104|0x00000000e6800000, 0x00000000e6800000, 0x00000000e6900000|  0%| F|  |TAMS 0x00000000e6800000, 0x00000000e6800000| Untracked 
| 105|0x00000000e6900000, 0x00000000e6900000, 0x00000000e6a00000|  0%| F|  |TAMS 0x00000000e6900000, 0x00000000e6900000| Untracked 
| 106|0x00000000e6a00000, 0x00000000e6a00000, 0x00000000e6b00000|  0%| F|  |TAMS 0x00000000e6a00000, 0x00000000e6a00000| Untracked 
| 107|0x00000000e6b00000, 0x00000000e6b00000, 0x00000000e6c00000|  0%| F|  |TAMS 0x00000000e6b00000, 0x00000000e6b00000| Untracked 
| 108|0x00000000e6c00000, 0x00000000e6c00000, 0x00000000e6d00000|  0%| F|  |TAMS 0x00000000e6c00000, 0x00000000e6c00000| Untracked 
| 109|0x00000000e6d00000, 0x00000000e6d00000, 0x00000000e6e00000|  0%| F|  |TAMS 0x00000000e6d00000, 0x00000000e6d00000| Untracked 
| 110|0x00000000e6e00000, 0x00000000e6e00000, 0x00000000e6f00000|  0%| F|  |TAMS 0x00000000e6e00000, 0x00000000e6e00000| Untracked 
| 111|0x00000000e6f00000, 0x00000000e6f00000, 0x00000000e7000000|  0%| F|  |TAMS 0x00000000e6f00000, 0x00000000e6f00000| Untracked 
| 112|0x00000000e7000000, 0x00000000e7000000, 0x00000000e7100000|  0%| F|  |TAMS 0x00000000e7000000, 0x00000000e7000000| Untracked 
| 113|0x00000000e7100000, 0x00000000e7100000, 0x00000000e7200000|  0%| F|  |TAMS 0x00000000e7100000, 0x00000000e7100000| Untracked 
| 114|0x00000000e7200000, 0x00000000e7200000, 0x00000000e7300000|  0%| F|  |TAMS 0x00000000e7200000, 0x00000000e7200000| Untracked 
| 115|0x00000000e7300000, 0x00000000e7300000, 0x00000000e7400000|  0%| F|  |TAMS 0x00000000e7300000, 0x00000000e7300000| Untracked 
| 116|0x00000000e7400000, 0x00000000e7400000, 0x00000000e7500000|  0%| F|  |TAMS 0x00000000e7400000, 0x00000000e7400000| Untracked 
| 117|0x00000000e7500000, 0x00000000e7580800, 0x00000000e7600000| 50%| E|  |TAMS 0x00000000e7500000, 0x00000000e7500000| Complete 
| 118|0x00000000e7600000, 0x00000000e7700000, 0x00000000e7700000|100%| E|CS|TAMS 0x00000000e7600000, 0x00000000e7600000| Complete 
| 119|0x00000000e7700000, 0x00000000e7800000, 0x00000000e7800000|100%| E|CS|TAMS 0x00000000e7700000, 0x00000000e7700000| Complete 
| 120|0x00000000e7800000, 0x00000000e7900000, 0x00000000e7900000|100%| E|CS|TAMS 0x00000000e7800000, 0x00000000e7800000| Complete 
| 121|0x00000000e7900000, 0x00000000e7a00000, 0x00000000e7a00000|100%| E|CS|TAMS 0x00000000e7900000, 0x00000000e7900000| Complete 
| 122|0x00000000e7a00000, 0x00000000e7b00000, 0x00000000e7b00000|100%| E|CS|TAMS 0x00000000e7a00000, 0x00000000e7a00000| Complete 
| 123|0x00000000e7b00000, 0x00000000e7c00000, 0x00000000e7c00000|100%| E|CS|TAMS 0x00000000e7b00000, 0x00000000e7b00000| Complete 
| 124|0x00000000e7c00000, 0x00000000e7d00000, 0x00000000e7d00000|100%| E|CS|TAMS 0x00000000e7c00000, 0x00000000e7c00000| Complete 
| 125|0x00000000e7d00000, 0x00000000e7e00000, 0x00000000e7e00000|100%| E|CS|TAMS 0x00000000e7d00000, 0x00000000e7d00000| Complete 
| 126|0x00000000e7e00000, 0x00000000e7f00000, 0x00000000e7f00000|100%| E|CS|TAMS 0x00000000e7e00000, 0x00000000e7e00000| Complete 
| 127|0x00000000e7f00000, 0x00000000e8000000, 0x00000000e8000000|100%| E|CS|TAMS 0x00000000e7f00000, 0x00000000e7f00000| Complete 
| 128|0x00000000e8000000, 0x00000000e8100000, 0x00000000e8100000|100%| E|CS|TAMS 0x00000000e8000000, 0x00000000e8000000| Complete 
| 129|0x00000000e8100000, 0x00000000e8200000, 0x00000000e8200000|100%| E|CS|TAMS 0x00000000e8100000, 0x00000000e8100000| Complete 
| 130|0x00000000e8200000, 0x00000000e8300000, 0x00000000e8300000|100%| E|CS|TAMS 0x00000000e8200000, 0x00000000e8200000| Complete 
| 131|0x00000000e8300000, 0x00000000e8400000, 0x00000000e8400000|100%| E|CS|TAMS 0x00000000e8300000, 0x00000000e8300000| Complete 
| 132|0x00000000e8400000, 0x00000000e8500000, 0x00000000e8500000|100%| E|CS|TAMS 0x00000000e8400000, 0x00000000e8400000| Complete 
| 133|0x00000000e8500000, 0x00000000e8600000, 0x00000000e8600000|100%| E|CS|TAMS 0x00000000e8500000, 0x00000000e8500000| Complete 
| 134|0x00000000e8600000, 0x00000000e8700000, 0x00000000e8700000|100%| E|CS|TAMS 0x00000000e8600000, 0x00000000e8600000| Complete 
| 135|0x00000000e8700000, 0x00000000e8800000, 0x00000000e8800000|100%| E|CS|TAMS 0x00000000e8700000, 0x00000000e8700000| Complete 
| 136|0x00000000e8800000, 0x00000000e8900000, 0x00000000e8900000|100%| E|CS|TAMS 0x00000000e8800000, 0x00000000e8800000| Complete 
| 137|0x00000000e8900000, 0x00000000e8a00000, 0x00000000e8a00000|100%| E|CS|TAMS 0x00000000e8900000, 0x00000000e8900000| Complete 
| 138|0x00000000e8a00000, 0x00000000e8b00000, 0x00000000e8b00000|100%| E|CS|TAMS 0x00000000e8a00000, 0x00000000e8a00000| Complete 
| 139|0x00000000e8b00000, 0x00000000e8c00000, 0x00000000e8c00000|100%| E|CS|TAMS 0x00000000e8b00000, 0x00000000e8b00000| Complete 
| 140|0x00000000e8c00000, 0x00000000e8d00000, 0x00000000e8d00000|100%| E|CS|TAMS 0x00000000e8c00000, 0x00000000e8c00000| Complete 
| 141|0x00000000e8d00000, 0x00000000e8e00000, 0x00000000e8e00000|100%| E|CS|TAMS 0x00000000e8d00000, 0x00000000e8d00000| Complete 
| 142|0x00000000e8e00000, 0x00000000e8f00000, 0x00000000e8f00000|100%| E|CS|TAMS 0x00000000e8e00000, 0x00000000e8e00000| Complete 
| 143|0x00000000e8f00000, 0x00000000e9000000, 0x00000000e9000000|100%| E|CS|TAMS 0x00000000e8f00000, 0x00000000e8f00000| Complete 
| 144|0x00000000e9000000, 0x00000000e9100000, 0x00000000e9100000|100%| E|CS|TAMS 0x00000000e9000000, 0x00000000e9000000| Complete 
| 145|0x00000000e9100000, 0x00000000e9200000, 0x00000000e9200000|100%| E|CS|TAMS 0x00000000e9100000, 0x00000000e9100000| Complete 
| 146|0x00000000e9200000, 0x00000000e9300000, 0x00000000e9300000|100%| E|CS|TAMS 0x00000000e9200000, 0x00000000e9200000| Complete 
| 147|0x00000000e9300000, 0x00000000e9400000, 0x00000000e9400000|100%| E|CS|TAMS 0x00000000e9300000, 0x00000000e9300000| Complete 
| 148|0x00000000e9400000, 0x00000000e9500000, 0x00000000e9500000|100%| E|CS|TAMS 0x00000000e9400000, 0x00000000e9400000| Complete 
| 149|0x00000000e9500000, 0x00000000e9600000, 0x00000000e9600000|100%| E|CS|TAMS 0x00000000e9500000, 0x00000000e9500000| Complete 
| 150|0x00000000e9600000, 0x00000000e9700000, 0x00000000e9700000|100%| E|CS|TAMS 0x00000000e9600000, 0x00000000e9600000| Complete 
| 151|0x00000000e9700000, 0x00000000e9800000, 0x00000000e9800000|100%| E|CS|TAMS 0x00000000e9700000, 0x00000000e9700000| Complete 
| 152|0x00000000e9800000, 0x00000000e9900000, 0x00000000e9900000|100%| E|CS|TAMS 0x00000000e9800000, 0x00000000e9800000| Complete 
| 153|0x00000000e9900000, 0x00000000e9a00000, 0x00000000e9a00000|100%| E|CS|TAMS 0x00000000e9900000, 0x00000000e9900000| Complete 
| 154|0x00000000e9a00000, 0x00000000e9b00000, 0x00000000e9b00000|100%| E|CS|TAMS 0x00000000e9a00000, 0x00000000e9a00000| Complete 
| 155|0x00000000e9b00000, 0x00000000e9c00000, 0x00000000e9c00000|100%| E|CS|TAMS 0x00000000e9b00000, 0x00000000e9b00000| Complete 
| 156|0x00000000e9c00000, 0x00000000e9d00000, 0x00000000e9d00000|100%| E|CS|TAMS 0x00000000e9c00000, 0x00000000e9c00000| Complete 
| 157|0x00000000e9d00000, 0x00000000e9e00000, 0x00000000e9e00000|100%| E|CS|TAMS 0x00000000e9d00000, 0x00000000e9d00000| Complete 
| 158|0x00000000e9e00000, 0x00000000e9f00000, 0x00000000e9f00000|100%| E|CS|TAMS 0x00000000e9e00000, 0x00000000e9e00000| Complete 
| 159|0x00000000e9f00000, 0x00000000ea000000, 0x00000000ea000000|100%| E|CS|TAMS 0x00000000e9f00000, 0x00000000e9f00000| Complete 
| 160|0x00000000ea000000, 0x00000000ea100000, 0x00000000ea100000|100%| E|CS|TAMS 0x00000000ea000000, 0x00000000ea000000| Complete 
| 161|0x00000000ea100000, 0x00000000ea200000, 0x00000000ea200000|100%| E|CS|TAMS 0x00000000ea100000, 0x00000000ea100000| Complete 
| 162|0x00000000ea200000, 0x00000000ea300000, 0x00000000ea300000|100%| E|CS|TAMS 0x00000000ea200000, 0x00000000ea200000| Complete 
| 163|0x00000000ea300000, 0x00000000ea400000, 0x00000000ea400000|100%| E|CS|TAMS 0x00000000ea300000, 0x00000000ea300000| Complete 
| 164|0x00000000ea400000, 0x00000000ea500000, 0x00000000ea500000|100%| E|CS|TAMS 0x00000000ea400000, 0x00000000ea400000| Complete 
| 165|0x00000000ea500000, 0x00000000ea600000, 0x00000000ea600000|100%| E|CS|TAMS 0x00000000ea500000, 0x00000000ea500000| Complete 
| 166|0x00000000ea600000, 0x00000000ea700000, 0x00000000ea700000|100%| E|CS|TAMS 0x00000000ea600000, 0x00000000ea600000| Complete 
| 167|0x00000000ea700000, 0x00000000ea800000, 0x00000000ea800000|100%| E|CS|TAMS 0x00000000ea700000, 0x00000000ea700000| Complete 
| 168|0x00000000ea800000, 0x00000000ea900000, 0x00000000ea900000|100%| E|CS|TAMS 0x00000000ea800000, 0x00000000ea800000| Complete 
| 169|0x00000000ea900000, 0x00000000eaa00000, 0x00000000eaa00000|100%| E|CS|TAMS 0x00000000ea900000, 0x00000000ea900000| Complete 
| 170|0x00000000eaa00000, 0x00000000eab00000, 0x00000000eab00000|100%| E|CS|TAMS 0x00000000eaa00000, 0x00000000eaa00000| Complete 
| 171|0x00000000eab00000, 0x00000000eac00000, 0x00000000eac00000|100%| E|CS|TAMS 0x00000000eab00000, 0x00000000eab00000| Complete 
| 172|0x00000000eac00000, 0x00000000ead00000, 0x00000000ead00000|100%| E|CS|TAMS 0x00000000eac00000, 0x00000000eac00000| Complete 
| 173|0x00000000ead00000, 0x00000000eae00000, 0x00000000eae00000|100%| E|CS|TAMS 0x00000000ead00000, 0x00000000ead00000| Complete 
| 174|0x00000000eae00000, 0x00000000eaf00000, 0x00000000eaf00000|100%| E|CS|TAMS 0x00000000eae00000, 0x00000000eae00000| Complete 
| 175|0x00000000eaf00000, 0x00000000eb000000, 0x00000000eb000000|100%| E|CS|TAMS 0x00000000eaf00000, 0x00000000eaf00000| Complete 
| 176|0x00000000eb000000, 0x00000000eb100000, 0x00000000eb100000|100%| E|CS|TAMS 0x00000000eb000000, 0x00000000eb000000| Complete 
| 177|0x00000000eb100000, 0x00000000eb200000, 0x00000000eb200000|100%| E|CS|TAMS 0x00000000eb100000, 0x00000000eb100000| Complete 
| 178|0x00000000eb200000, 0x00000000eb300000, 0x00000000eb300000|100%| E|CS|TAMS 0x00000000eb200000, 0x00000000eb200000| Complete 
| 179|0x00000000eb300000, 0x00000000eb400000, 0x00000000eb400000|100%| E|CS|TAMS 0x00000000eb300000, 0x00000000eb300000| Complete 
| 180|0x00000000eb400000, 0x00000000eb500000, 0x00000000eb500000|100%| E|CS|TAMS 0x00000000eb400000, 0x00000000eb400000| Complete 
| 181|0x00000000eb500000, 0x00000000eb600000, 0x00000000eb600000|100%| E|CS|TAMS 0x00000000eb500000, 0x00000000eb500000| Complete 
| 182|0x00000000eb600000, 0x00000000eb700000, 0x00000000eb700000|100%| E|CS|TAMS 0x00000000eb600000, 0x00000000eb600000| Complete 
| 183|0x00000000eb700000, 0x00000000eb800000, 0x00000000eb800000|100%| E|CS|TAMS 0x00000000eb700000, 0x00000000eb700000| Complete 
| 184|0x00000000eb800000, 0x00000000eb900000, 0x00000000eb900000|100%| E|CS|TAMS 0x00000000eb800000, 0x00000000eb800000| Complete 
| 185|0x00000000eb900000, 0x00000000eba00000, 0x00000000eba00000|100%| E|CS|TAMS 0x00000000eb900000, 0x00000000eb900000| Complete 
| 186|0x00000000eba00000, 0x00000000ebb00000, 0x00000000ebb00000|100%| E|CS|TAMS 0x00000000eba00000, 0x00000000eba00000| Complete 
| 187|0x00000000ebb00000, 0x00000000ebc00000, 0x00000000ebc00000|100%| E|CS|TAMS 0x00000000ebb00000, 0x00000000ebb00000| Complete 
| 188|0x00000000ebc00000, 0x00000000ebd00000, 0x00000000ebd00000|100%| E|CS|TAMS 0x00000000ebc00000, 0x00000000ebc00000| Complete 
| 189|0x00000000ebd00000, 0x00000000ebe00000, 0x00000000ebe00000|100%| E|CS|TAMS 0x00000000ebd00000, 0x00000000ebd00000| Complete 
| 190|0x00000000ebe00000, 0x00000000ebf00000, 0x00000000ebf00000|100%| E|CS|TAMS 0x00000000ebe00000, 0x00000000ebe00000| Complete 
| 191|0x00000000ebf00000, 0x00000000ec000000, 0x00000000ec000000|100%| E|CS|TAMS 0x00000000ebf00000, 0x00000000ebf00000| Complete 
| 192|0x00000000ec000000, 0x00000000ec100000, 0x00000000ec100000|100%| E|CS|TAMS 0x00000000ec000000, 0x00000000ec000000| Complete 
| 193|0x00000000ec100000, 0x00000000ec200000, 0x00000000ec200000|100%| E|CS|TAMS 0x00000000ec100000, 0x00000000ec100000| Complete 
| 194|0x00000000ec200000, 0x00000000ec300000, 0x00000000ec300000|100%| E|CS|TAMS 0x00000000ec200000, 0x00000000ec200000| Complete 
| 195|0x00000000ec300000, 0x00000000ec400000, 0x00000000ec400000|100%| E|CS|TAMS 0x00000000ec300000, 0x00000000ec300000| Complete 
| 196|0x00000000ec400000, 0x00000000ec500000, 0x00000000ec500000|100%| E|CS|TAMS 0x00000000ec400000, 0x00000000ec400000| Complete 
| 197|0x00000000ec500000, 0x00000000ec600000, 0x00000000ec600000|100%| E|CS|TAMS 0x00000000ec500000, 0x00000000ec500000| Complete 
| 198|0x00000000ec600000, 0x00000000ec700000, 0x00000000ec700000|100%| E|CS|TAMS 0x00000000ec600000, 0x00000000ec600000| Complete 
| 199|0x00000000ec700000, 0x00000000ec77f0f8, 0x00000000ec800000| 49%| S|CS|TAMS 0x00000000ec700000, 0x00000000ec700000| Complete 
| 200|0x00000000ec800000, 0x00000000ec900000, 0x00000000ec900000|100%| S|CS|TAMS 0x00000000ec800000, 0x00000000ec800000| Complete 
| 201|0x00000000ec900000, 0x00000000eca00000, 0x00000000eca00000|100%| S|CS|TAMS 0x00000000ec900000, 0x00000000ec900000| Complete 
| 202|0x00000000eca00000, 0x00000000ecb00000, 0x00000000ecb00000|100%| E|CS|TAMS 0x00000000eca00000, 0x00000000eca00000| Complete 
| 203|0x00000000ecb00000, 0x00000000ecc00000, 0x00000000ecc00000|100%| E|CS|TAMS 0x00000000ecb00000, 0x00000000ecb00000| Complete 
| 204|0x00000000ecc00000, 0x00000000ecd00000, 0x00000000ecd00000|100%| E|CS|TAMS 0x00000000ecc00000, 0x00000000ecc00000| Complete 
| 205|0x00000000ecd00000, 0x00000000ece00000, 0x00000000ece00000|100%| E|CS|TAMS 0x00000000ecd00000, 0x00000000ecd00000| Complete 
| 206|0x00000000ece00000, 0x00000000ecf00000, 0x00000000ecf00000|100%| E|CS|TAMS 0x00000000ece00000, 0x00000000ece00000| Complete 
| 207|0x00000000ecf00000, 0x00000000ed000000, 0x00000000ed000000|100%| E|CS|TAMS 0x00000000ecf00000, 0x00000000ecf00000| Complete 
| 208|0x00000000ed000000, 0x00000000ed100000, 0x00000000ed100000|100%| E|CS|TAMS 0x00000000ed000000, 0x00000000ed000000| Complete 
| 209|0x00000000ed100000, 0x00000000ed200000, 0x00000000ed200000|100%| E|CS|TAMS 0x00000000ed100000, 0x00000000ed100000| Complete 
| 210|0x00000000ed200000, 0x00000000ed300000, 0x00000000ed300000|100%| E|CS|TAMS 0x00000000ed200000, 0x00000000ed200000| Complete 
| 211|0x00000000ed300000, 0x00000000ed400000, 0x00000000ed400000|100%| E|  |TAMS 0x00000000ed300000, 0x00000000ed300000| Complete 
| 212|0x00000000ed400000, 0x00000000ed500000, 0x00000000ed500000|100%| E|CS|TAMS 0x00000000ed400000, 0x00000000ed400000| Complete 
| 213|0x00000000ed500000, 0x00000000ed600000, 0x00000000ed600000|100%| E|CS|TAMS 0x00000000ed500000, 0x00000000ed500000| Complete 
| 214|0x00000000ed600000, 0x00000000ed700000, 0x00000000ed700000|100%| E|CS|TAMS 0x00000000ed600000, 0x00000000ed600000| Complete 
| 215|0x00000000ed700000, 0x00000000ed800000, 0x00000000ed800000|100%| E|CS|TAMS 0x00000000ed700000, 0x00000000ed700000| Complete 
| 216|0x00000000ed800000, 0x00000000ed900000, 0x00000000ed900000|100%| E|CS|TAMS 0x00000000ed800000, 0x00000000ed800000| Complete 
| 217|0x00000000ed900000, 0x00000000eda00000, 0x00000000eda00000|100%| E|CS|TAMS 0x00000000ed900000, 0x00000000ed900000| Complete 
| 218|0x00000000eda00000, 0x00000000edb00000, 0x00000000edb00000|100%| E|CS|TAMS 0x00000000eda00000, 0x00000000eda00000| Complete 
| 219|0x00000000edb00000, 0x00000000edc00000, 0x00000000edc00000|100%| E|CS|TAMS 0x00000000edb00000, 0x00000000edb00000| Complete 
| 220|0x00000000edc00000, 0x00000000edd00000, 0x00000000edd00000|100%| E|CS|TAMS 0x00000000edc00000, 0x00000000edc00000| Complete 
| 221|0x00000000edd00000, 0x00000000ede00000, 0x00000000ede00000|100%| E|CS|TAMS 0x00000000edd00000, 0x00000000edd00000| Complete 
| 222|0x00000000ede00000, 0x00000000edf00000, 0x00000000edf00000|100%| E|CS|TAMS 0x00000000ede00000, 0x00000000ede00000| Complete 
| 223|0x00000000edf00000, 0x00000000ee000000, 0x00000000ee000000|100%| E|CS|TAMS 0x00000000edf00000, 0x00000000edf00000| Complete 
| 224|0x00000000ee000000, 0x00000000ee100000, 0x00000000ee100000|100%| E|CS|TAMS 0x00000000ee000000, 0x00000000ee000000| Complete 
| 225|0x00000000ee100000, 0x00000000ee200000, 0x00000000ee200000|100%| E|CS|TAMS 0x00000000ee100000, 0x00000000ee100000| Complete 
| 226|0x00000000ee200000, 0x00000000ee300000, 0x00000000ee300000|100%| E|CS|TAMS 0x00000000ee200000, 0x00000000ee200000| Complete 
| 227|0x00000000ee300000, 0x00000000ee400000, 0x00000000ee400000|100%| E|CS|TAMS 0x00000000ee300000, 0x00000000ee300000| Complete 
| 228|0x00000000ee400000, 0x00000000ee500000, 0x00000000ee500000|100%| E|CS|TAMS 0x00000000ee400000, 0x00000000ee400000| Complete 
| 229|0x00000000ee500000, 0x00000000ee600000, 0x00000000ee600000|100%| E|CS|TAMS 0x00000000ee500000, 0x00000000ee500000| Complete 
| 230|0x00000000ee600000, 0x00000000ee700000, 0x00000000ee700000|100%| E|CS|TAMS 0x00000000ee600000, 0x00000000ee600000| Complete 
| 231|0x00000000ee700000, 0x00000000ee800000, 0x00000000ee800000|100%| E|CS|TAMS 0x00000000ee700000, 0x00000000ee700000| Complete 
| 232|0x00000000ee800000, 0x00000000ee900000, 0x00000000ee900000|100%| E|CS|TAMS 0x00000000ee800000, 0x00000000ee800000| Complete 
| 233|0x00000000ee900000, 0x00000000eea00000, 0x00000000eea00000|100%| E|CS|TAMS 0x00000000ee900000, 0x00000000ee900000| Complete 
| 234|0x00000000eea00000, 0x00000000eeb00000, 0x00000000eeb00000|100%| E|CS|TAMS 0x00000000eea00000, 0x00000000eea00000| Complete 
| 235|0x00000000eeb00000, 0x00000000eec00000, 0x00000000eec00000|100%| E|CS|TAMS 0x00000000eeb00000, 0x00000000eeb00000| Complete 
| 236|0x00000000eec00000, 0x00000000eed00000, 0x00000000eed00000|100%| E|CS|TAMS 0x00000000eec00000, 0x00000000eec00000| Complete 
| 237|0x00000000eed00000, 0x00000000eee00000, 0x00000000eee00000|100%| E|CS|TAMS 0x00000000eed00000, 0x00000000eed00000| Complete 
| 238|0x00000000eee00000, 0x00000000eef00000, 0x00000000eef00000|100%| E|CS|TAMS 0x00000000eee00000, 0x00000000eee00000| Complete 
| 239|0x00000000eef00000, 0x00000000ef000000, 0x00000000ef000000|100%| E|CS|TAMS 0x00000000eef00000, 0x00000000eef00000| Complete 
| 240|0x00000000ef000000, 0x00000000ef100000, 0x00000000ef100000|100%| E|CS|TAMS 0x00000000ef000000, 0x00000000ef000000| Complete 
| 241|0x00000000ef100000, 0x00000000ef200000, 0x00000000ef200000|100%| E|CS|TAMS 0x00000000ef100000, 0x00000000ef100000| Complete 
| 242|0x00000000ef200000, 0x00000000ef300000, 0x00000000ef300000|100%| E|CS|TAMS 0x00000000ef200000, 0x00000000ef200000| Complete 
| 243|0x00000000ef300000, 0x00000000ef400000, 0x00000000ef400000|100%| E|CS|TAMS 0x00000000ef300000, 0x00000000ef300000| Complete 
| 244|0x00000000ef400000, 0x00000000ef500000, 0x00000000ef500000|100%| E|CS|TAMS 0x00000000ef400000, 0x00000000ef400000| Complete 
| 245|0x00000000ef500000, 0x00000000ef600000, 0x00000000ef600000|100%| E|CS|TAMS 0x00000000ef500000, 0x00000000ef500000| Complete 
| 246|0x00000000ef600000, 0x00000000ef700000, 0x00000000ef700000|100%| E|CS|TAMS 0x00000000ef600000, 0x00000000ef600000| Complete 
| 247|0x00000000ef700000, 0x00000000ef800000, 0x00000000ef800000|100%| E|CS|TAMS 0x00000000ef700000, 0x00000000ef700000| Complete 
| 248|0x00000000ef800000, 0x00000000ef900000, 0x00000000ef900000|100%| E|CS|TAMS 0x00000000ef800000, 0x00000000ef800000| Complete 
| 249|0x00000000ef900000, 0x00000000efa00000, 0x00000000efa00000|100%| E|CS|TAMS 0x00000000ef900000, 0x00000000ef900000| Complete 
| 250|0x00000000efa00000, 0x00000000efb00000, 0x00000000efb00000|100%| E|CS|TAMS 0x00000000efa00000, 0x00000000efa00000| Complete 
| 251|0x00000000efb00000, 0x00000000efc00000, 0x00000000efc00000|100%| E|CS|TAMS 0x00000000efb00000, 0x00000000efb00000| Complete 
| 252|0x00000000efc00000, 0x00000000efd00000, 0x00000000efd00000|100%| E|CS|TAMS 0x00000000efc00000, 0x00000000efc00000| Complete 
| 253|0x00000000efd00000, 0x00000000efe00000, 0x00000000efe00000|100%| E|CS|TAMS 0x00000000efd00000, 0x00000000efd00000| Complete 
| 254|0x00000000efe00000, 0x00000000eff00000, 0x00000000eff00000|100%| E|CS|TAMS 0x00000000efe00000, 0x00000000efe00000| Complete 
| 255|0x00000000eff00000, 0x00000000f0000000, 0x00000000f0000000|100%| E|CS|TAMS 0x00000000eff00000, 0x00000000eff00000| Complete 

Card table byte_map: [0x00000297e5600000,0x00000297e5700000] _byte_map_base: 0x00000297e4f00000

Marking Bits (Prev, Next): (CMBitMap*) 0x00000297ce9809a0, (CMBitMap*) 0x00000297ce9809e0
 Prev Bits: [0x00000297e5800000, 0x00000297e6000000)
 Next Bits: [0x00000297e6000000, 0x00000297e6800000)

Polling page: 0x00000297cc900000

Metaspace:

Usage:
  Non-class:     42.08 MB used.
      Class:      7.00 MB used.
       Both:     49.08 MB used.

Virtual space:
  Non-class space:       48.00 MB reserved,      42.38 MB ( 88%) committed,  6 nodes.
      Class space:      308.00 MB reserved,       7.25 MB (  2%) committed,  1 nodes.
             Both:      356.00 MB reserved,      49.62 MB ( 14%) committed. 

Chunk freelists:
   Non-Class:  1.16 MB
       Class:  704.00 KB
        Both:  1.84 MB

MaxMetaspaceSize: 384.00 MB
CompressedClassSpaceSize: 308.00 MB
Initial GC threshold: 21.00 MB
Current GC threshold: 59.00 MB
CDS: on
MetaspaceReclaimPolicy: balanced
 - commit_granule_bytes: 65536.
 - commit_granule_words: 8192.
 - virtual_space_node_default_size: 1048576.
 - enlarge_chunks_in_place: 1.
 - new_chunks_are_fully_committed: 0.
 - uncommit_free_chunks: 1.
 - use_allocation_guard: 0.
 - handle_deallocations: 1.


Internal statistics:

num_allocs_failed_limit: 6.
num_arena_births: 580.
num_arena_deaths: 0.
num_vsnodes_births: 7.
num_vsnodes_deaths: 0.
num_space_committed: 794.
num_space_uncommitted: 0.
num_chunks_returned_to_freelist: 6.
num_chunks_taken_from_freelist: 2629.
num_chunk_merges: 3.
num_chunk_splits: 1701.
num_chunks_enlarged: 1127.
num_purges: 0.
num_inconsistent_stats: 0.

CodeHeap 'non-profiled nmethods': size=120000Kb used=3671Kb max_used=3671Kb free=116328Kb
 bounds [0x00000297ddca0000, 0x00000297de040000, 0x00000297e51d0000]
CodeHeap 'profiled nmethods': size=120000Kb used=12027Kb max_used=12027Kb free=107972Kb
 bounds [0x00000297d6770000, 0x00000297d7330000, 0x00000297ddca0000]
CodeHeap 'non-nmethods': size=5760Kb used=2335Kb max_used=2386Kb free=3424Kb
 bounds [0x00000297d61d0000, 0x00000297d6440000, 0x00000297d6770000]
 total_blobs=6971 nmethods=6131 adapters=752
 compilation: enabled
              stopped_count=0, restarted_count=0
 full_count=0

Compilation events (20 events):
Event: 259.930 Thread 0x00000297e9c08120 nmethod 6944 0x00000297d732b390 code [0x00000297d732b540, 0x00000297d732b708]
Event: 259.944 Thread 0x00000297e9219f60 6946       4       org.gradle.internal.reflect.ClassInspector::inspectClass (179 bytes)
Event: 259.944 Thread 0x00000297e9c08120 6947       3       java.util.regex.Pattern$LastNode::match (45 bytes)
Event: 259.944 Thread 0x00000297e9c08120 nmethod 6947 0x00000297d732b810 code [0x00000297d732b9c0, 0x00000297d732bbd8]
Event: 259.970 Thread 0x00000297e9c08120 6949   !   3       org.gradle.internal.event.DefaultListenerManager$EventBroadcast$ListenerDispatch::dispatch (41 bytes)
Event: 259.977 Thread 0x00000297e9c08120 nmethod 6949 0x00000297d732bd10 code [0x00000297d732bf00, 0x00000297d732c2f8]
Event: 259.977 Thread 0x00000297e9c08120 6950       3       org.gradle.internal.event.DefaultListenerManager$EventBroadcast::access$500 (6 bytes)
Event: 259.977 Thread 0x00000297e9c08120 nmethod 6950 0x00000297d732c510 code [0x00000297d732c6a0, 0x00000297d732c7c8]
Event: 259.977 Thread 0x00000297e9c08120 6951       3       org.gradle.internal.event.DefaultListenerManager$EventBroadcast::startNotification (50 bytes)
Event: 259.978 Thread 0x00000297e9c08120 nmethod 6951 0x00000297d732c890 code [0x00000297d732ca60, 0x00000297d732cd28]
Event: 259.993 Thread 0x00000297e9c08120 6952       1       org.gradle.internal.instantiation.generator.AsmBackedClassGenerator$ClassBuilderImpl::access$7100 (5 bytes)
Event: 259.993 Thread 0x00000297e9c08120 nmethod 6952 0x00000297de035b10 code [0x00000297de035ca0, 0x00000297de035d58]
Event: 260.019 Thread 0x00000297e9c08120 6954       3       org.gradle.internal.instantiation.generator.AsmBackedClassGenerator$ClassBuilderImpl::access$2800 (4 bytes)
Event: 260.019 Thread 0x00000297e9c08120 nmethod 6954 0x00000297d732ce90 code [0x00000297d732d020, 0x00000297d732d118]
Event: 260.030 Thread 0x00000297e9c08120 6955       3       org.gradle.internal.event.DefaultListenerManager$EventBroadcast$ListenerDispatch::dispatch (9 bytes)
Event: 260.030 Thread 0x00000297e9c08120 nmethod 6955 0x00000297d732d190 code [0x00000297d732d340, 0x00000297d732d588]
Event: 260.037 Thread 0x00000297e9c08120 6956       3       java.lang.ThreadLocal::get (38 bytes)
Event: 260.038 Thread 0x00000297e9c08120 nmethod 6956 0x00000297d732d690 code [0x00000297d732d860, 0x00000297d732db98]
Event: 260.168 Thread 0x00000297e9c08120 6957       3       sun.security.provider.SHA2::implCompress0 (490 bytes)
Event: 260.170 Thread 0x00000297e9c08120 nmethod 6957 0x00000297d732dd10 code [0x00000297d732df00, 0x00000297d732e7a8]

GC Heap History (12 events):
Event: 9.176 GC heap before
{Heap before GC invocations=0 (full 0):
 garbage-first heap   total 262144K, used 26624K [0x00000000e0000000, 0x0000000100000000)
  region size 1024K, 23 young (23552K), 0 survivors (0K)
 Metaspace       used 1997K, committed 2176K, reserved 323584K
  class space    used 209K, committed 320K, reserved 315392K
}
Event: 9.412 GC heap after
{Heap after GC invocations=1 (full 0):
 garbage-first heap   total 262144K, used 11022K [0x00000000e0000000, 0x0000000100000000)
  region size 1024K, 3 young (3072K), 3 survivors (3072K)
 Metaspace       used 1997K, committed 2176K, reserved 323584K
  class space    used 209K, committed 320K, reserved 315392K
}
Event: 20.525 GC heap before
{Heap before GC invocations=1 (full 0):
 garbage-first heap   total 262144K, used 37646K [0x00000000e0000000, 0x0000000100000000)
  region size 1024K, 29 young (29696K), 3 survivors (3072K)
 Metaspace       used 4082K, committed 4288K, reserved 323584K
  class space    used 508K, committed 640K, reserved 315392K
}
Event: 20.530 GC heap after
{Heap after GC invocations=2 (full 0):
 garbage-first heap   total 262144K, used 12471K [0x00000000e0000000, 0x0000000100000000)
  region size 1024K, 2 young (2048K), 2 survivors (2048K)
 Metaspace       used 4082K, committed 4288K, reserved 323584K
  class space    used 508K, committed 640K, reserved 315392K
}
Event: 51.498 GC heap before
{Heap before GC invocations=2 (full 0):
 garbage-first heap   total 262144K, used 134327K [0x00000000e0000000, 0x0000000100000000)
  region size 1024K, 119 young (121856K), 2 survivors (2048K)
 Metaspace       used 19660K, committed 19968K, reserved 339968K
  class space    used 2847K, committed 3008K, reserved 315392K
}
Event: 51.641 GC heap after
{Heap after GC invocations=3 (full 0):
 garbage-first heap   total 262144K, used 23552K [0x00000000e0000000, 0x0000000100000000)
  region size 1024K, 11 young (11264K), 11 survivors (11264K)
 Metaspace       used 19660K, committed 19968K, reserved 339968K
  class space    used 2847K, committed 3008K, reserved 315392K
}
Event: 53.193 GC heap before
{Heap before GC invocations=3 (full 0):
 garbage-first heap   total 262144K, used 34816K [0x00000000e0000000, 0x0000000100000000)
  region size 1024K, 23 young (23552K), 11 survivors (11264K)
 Metaspace       used 21184K, committed 21504K, reserved 339968K
  class space    used 3106K, committed 3264K, reserved 315392K
}
Event: 53.244 GC heap after
{Heap after GC invocations=4 (full 0):
 garbage-first heap   total 262144K, used 24755K [0x00000000e0000000, 0x0000000100000000)
  region size 1024K, 2 young (2048K), 2 survivors (2048K)
 Metaspace       used 21184K, committed 21504K, reserved 339968K
  class space    used 3106K, committed 3264K, reserved 315392K
}
Event: 123.678 GC heap before
{Heap before GC invocations=5 (full 0):
 garbage-first heap   total 262144K, used 151731K [0x00000000e0000000, 0x0000000100000000)
  region size 1024K, 123 young (125952K), 2 survivors (2048K)
 Metaspace       used 35746K, committed 36096K, reserved 348160K
  class space    used 4942K, committed 5120K, reserved 315392K
}
Event: 123.867 GC heap after
{Heap after GC invocations=6 (full 0):
 garbage-first heap   total 262144K, used 33089K [0x00000000e0000000, 0x0000000100000000)
  region size 1024K, 10 young (10240K), 10 survivors (10240K)
 Metaspace       used 35746K, committed 36096K, reserved 348160K
  class space    used 4942K, committed 5120K, reserved 315392K
}
Event: 152.947 GC heap before
{Heap before GC invocations=7 (full 0):
 garbage-first heap   total 262144K, used 89409K [0x00000000e0000000, 0x0000000100000000)
  region size 1024K, 64 young (65536K), 10 survivors (10240K)
 Metaspace       used 42008K, committed 42496K, reserved 356352K
  class space    used 5841K, committed 6080K, reserved 315392K
}
Event: 153.067 GC heap after
{Heap after GC invocations=8 (full 0):
 garbage-first heap   total 262144K, used 34781K [0x00000000e0000000, 0x0000000100000000)
  region size 1024K, 3 young (3072K), 3 survivors (3072K)
 Metaspace       used 42008K, committed 42496K, reserved 356352K
  class space    used 5841K, committed 6080K, reserved 315392K
}

Deoptimization events (20 events):
Event: 259.875 Thread 0x00000297e9f07b00 Uncommon trap: trap_request=0xffffff45 fr.pc=0x00000297ddee8dfc relative=0x000000000000015c
Event: 259.875 Thread 0x00000297e9f07b00 Uncommon trap: reason=unstable_if action=reinterpret pc=0x00000297ddee8dfc method=java.util.stream.AbstractPipeline.evaluate(Ljava/util/stream/TerminalOp;)Ljava/lang/Object; @ 53 c2
Event: 259.875 Thread 0x00000297e9f07b00 DEOPT PACKING pc=0x00000297ddee8dfc sp=0x000000a9bdcf7f80
Event: 259.875 Thread 0x00000297e9f07b00 DEOPT UNPACKING pc=0x00000297d6225ba3 sp=0x000000a9bdcf7f40 mode 2
Event: 259.875 Thread 0x00000297e9f07b00 Uncommon trap: trap_request=0xffffff45 fr.pc=0x00000297ddfd3604 relative=0x0000000000000104
Event: 259.875 Thread 0x00000297e9f07b00 Uncommon trap: reason=unstable_if action=reinterpret pc=0x00000297ddfd3604 method=java.util.stream.AbstractPipeline.sourceSpliterator(I)Ljava/util/Spliterator; @ 82 c2
Event: 259.875 Thread 0x00000297e9f07b00 DEOPT PACKING pc=0x00000297ddfd3604 sp=0x000000a9bdcf7f00
Event: 259.876 Thread 0x00000297e9f07b00 DEOPT UNPACKING pc=0x00000297d6225ba3 sp=0x000000a9bdcf7e90 mode 2
Event: 259.949 Thread 0x00000297ecefc530 Uncommon trap: trap_request=0xffffff45 fr.pc=0x00000297ddf0990c relative=0x00000000000000ec
Event: 259.950 Thread 0x00000297ecefc530 Uncommon trap: reason=unstable_if action=reinterpret pc=0x00000297ddf0990c method=java.lang.ThreadLocal.get()Ljava/lang/Object; @ 11 c2
Event: 259.950 Thread 0x00000297ecefc530 DEOPT PACKING pc=0x00000297ddf0990c sp=0x000000a9c0dfe5d0
Event: 259.950 Thread 0x00000297ecefc530 DEOPT UNPACKING pc=0x00000297d6225ba3 sp=0x000000a9c0dfe558 mode 2
Event: 260.043 Thread 0x00000297ecefc060 Uncommon trap: trap_request=0xffffff45 fr.pc=0x00000297ddfb5d0c relative=0x000000000000008c
Event: 260.043 Thread 0x00000297ecefc060 Uncommon trap: reason=unstable_if action=reinterpret pc=0x00000297ddfb5d0c method=java.util.HashMap$HashMapSpliterator.getFence()I @ 37 c2
Event: 260.043 Thread 0x00000297ecefc060 DEOPT PACKING pc=0x00000297ddfb5d0c sp=0x000000a9c0bfecc0
Event: 260.043 Thread 0x00000297ecefc060 DEOPT UNPACKING pc=0x00000297d6225ba3 sp=0x000000a9c0bfebd8 mode 2
Event: 260.100 Thread 0x00000297e9f07b00 Uncommon trap: trap_request=0xffffff45 fr.pc=0x00000297ddee6be0 relative=0x0000000000000060
Event: 260.100 Thread 0x00000297e9f07b00 Uncommon trap: reason=unstable_if action=reinterpret pc=0x00000297ddee6be0 method=java.util.HashMap$KeySpliterator.characteristics()I @ 4 c2
Event: 260.100 Thread 0x00000297e9f07b00 DEOPT PACKING pc=0x00000297ddee6be0 sp=0x000000a9bdcf8410
Event: 260.100 Thread 0x00000297e9f07b00 DEOPT UNPACKING pc=0x00000297d6225ba3 sp=0x000000a9bdcf83a8 mode 2

Classes unloaded (0 events):
No events

Classes redefined (0 events):
No events

Internal exceptions (20 events):
Event: 251.229 Thread 0x00000297e9f07b00 Exception <a 'java/lang/ClassNotFoundException'{0x00000000e8c6f098}: groovy/lang/GStringCustomizer> (0x00000000e8c6f098) 
thrown [s\open\src\hotspot\share\classfile\systemDictionary.cpp, line 256]
Event: 251.238 Thread 0x00000297e9f07b00 Exception <a 'java/lang/ClassNotFoundException'{0x00000000e8c9b3c0}: groovy/lang/GString$1Customizer> (0x00000000e8c9b3c0) 
thrown [s\open\src\hotspot\share\classfile\systemDictionary.cpp, line 256]
Event: 251.387 Thread 0x00000297e9f07b00 Exception <a 'java/lang/ClassNotFoundException'{0x00000000e8ce70e8}: groovy/lang/GroovyObjectBeanInfo> (0x00000000e8ce70e8) 
thrown [s\open\src\hotspot\share\classfile\systemDictionary.cpp, line 256]
Event: 251.392 Thread 0x00000297e9f07b00 Exception <a 'java/lang/ClassNotFoundException'{0x00000000e8b0a760}: groovy/lang/GroovyObjectCustomizer> (0x00000000e8b0a760) 
thrown [s\open\src\hotspot\share\classfile\systemDictionary.cpp, line 256]
Event: 251.410 Thread 0x00000297e9f07b00 Exception <a 'java/lang/ClassNotFoundException'{0x00000000e8b21600}: io/spring/gradle/dependencymanagement/dsl/ImportsHandlerBeanInfo> (0x00000000e8b21600) 
thrown [s\open\src\hotspot\share\classfile\systemDictionary.cpp, line 256]
Event: 251.755 Thread 0x00000297e9f07b00 Exception <a 'java/lang/ClassNotFoundException'{0x00000000e8b2c870}: io/spring/gradle/dependencymanagement/dsl/ImportsHandlerCustomizer> (0x00000000e8b2c870) 
thrown [s\open\src\hotspot\share\classfile\systemDictionary.cpp, line 256]
Event: 252.552 Thread 0x00000297e9f07b00 Exception <a 'java/lang/ClassNotFoundException'{0x00000000e8806b70}: org/codehaus/groovy/runtime/GStringImplBeanInfo> (0x00000000e8806b70) 
thrown [s\open\src\hotspot\share\classfile\systemDictionary.cpp, line 256]
Event: 253.106 Thread 0x00000297e9f07b00 Exception <a 'java/lang/ClassNotFoundException'{0x00000000e87ed630}: org/codehaus/groovy/runtime/GStringImplCustomizer> (0x00000000e87ed630) 
thrown [s\open\src\hotspot\share\classfile\systemDictionary.cpp, line 256]
Event: 253.559 Thread 0x00000297e9f07b00 Exception <a 'java/lang/ClassNotFoundException'{0x00000000e835d848}: org/gradle/api/internal/tasks/DefaultTaskContainer_DecoratedBeanInfo> (0x00000000e835d848) 
thrown [s\open\src\hotspot\share\classfile\systemDictionary.cpp, line 256]
Event: 253.563 Thread 0x00000297e9f07b00 Exception <a 'java/lang/ClassNotFoundException'{0x00000000e836f840}: org/gradle/api/internal/tasks/DefaultTaskContainerBeanInfo> (0x00000000e836f840) 
thrown [s\open\src\hotspot\share\classfile\systemDictionary.cpp, line 256]
Event: 253.566 Thread 0x00000297e9f07b00 Exception <a 'java/lang/ClassNotFoundException'{0x00000000e8381aa8}: org/gradle/api/internal/tasks/DefaultTaskCollectionBeanInfo> (0x00000000e8381aa8) 
thrown [s\open\src\hotspot\share\classfile\systemDictionary.cpp, line 256]
Event: 253.569 Thread 0x00000297e9f07b00 Exception <a 'java/lang/ClassNotFoundException'{0x00000000e8393d40}: org/gradle/api/internal/tasks/DefaultTaskCollectionCustomizer> (0x00000000e8393d40) 
thrown [s\open\src\hotspot\share\classfile\systemDictionary.cpp, line 256]
Event: 253.597 Thread 0x00000297e9f07b00 Exception <a 'java/lang/ClassNotFoundException'{0x00000000e83d9be0}: org/gradle/api/internal/tasks/DefaultTaskContainerCustomizer> (0x00000000e83d9be0) 
thrown [s\open\src\hotspot\share\classfile\systemDictionary.cpp, line 256]
Event: 253.676 Thread 0x00000297e9f07b00 Exception <a 'java/lang/ClassNotFoundException'{0x00000000e823efa0}: org/gradle/api/internal/tasks/DefaultTaskContainer_DecoratedCustomizer> (0x00000000e823efa0) 
thrown [s\open\src\hotspot\share\classfile\systemDictionary.cpp, line 256]
Event: 258.057 Thread 0x00000297e9f07b00 Exception <a 'java/lang/NoSuchMethodError'{0x00000000e7c74e60}: 'int java.lang.invoke.DirectMethodHandle$Holder.invokeSpecialIFC(java.lang.Object, java.lang.Object, java.lang.Object, java.lang.Object, java.lang.Object)'> (0x00000000e7c74e60) 
thrown [s\open\src\hotspot\share\interpreter\linkResolver.cpp, line 759]
Event: 259.673 Thread 0x00000297e9f07b00 Exception <a 'java/lang/NoSuchMethodError'{0x00000000e78794d0}: 'java.lang.Object java.lang.invoke.DirectMethodHandle$Holder.newInvokeSpecial(java.lang.Object, java.lang.Object, java.lang.Object, java.lang.Object, java.lang.Object, java.lang.Object, int)'> (0x00000000e78794d0) 
thrown [s\open\src\hotspot\share\interpreter\linkResolver.cpp, line 759]
Event: 259.703 Thread 0x00000297e9f07b00 Exception <a 'java/lang/NoSuchMethodError'{0x00000000e787ecc0}: 'java.lang.Object java.lang.invoke.DirectMethodHandle$Holder.invokeSpecial(java.lang.Object, java.lang.Object, java.lang.Object, java.lang.Object, java.lang.Object, java.lang.Object, java.lang.Object, int)'> (0x00000000e787ecc0) 
thrown [s\open\src\hotspot\share\interpreter\linkResolver.cpp, line 759]
Event: 259.705 Thread 0x00000297e9f07b00 Exception <a 'java/lang/NoSuchMethodError'{0x00000000e7884328}: 'java.lang.Object java.lang.invoke.Invokers$Holder.linkToTargetMethod(java.lang.Object, java.lang.Object, java.lang.Object, java.lang.Object, java.lang.Object, int, java.lang.Object)'> (0x00000000e7884328) 
thrown [s\open\src\hotspot\share\interpreter\linkResolver.cpp, line 759]
Event: 259.949 Thread 0x00000297ecefc530 Implicit null exception at 0x00000297ddf0985d to 0x00000297ddf098f8
Event: 260.043 Thread 0x00000297ecefc060 Implicit null exception at 0x00000297ddfb5ccd to 0x00000297ddfb5cfc

VM Operations (20 events):
Event: 250.009 Executing VM operation: Cleanup
Event: 250.009 Executing VM operation: Cleanup done
Event: 251.016 Executing VM operation: Cleanup
Event: 251.032 Executing VM operation: Cleanup done
Event: 252.036 Executing VM operation: Cleanup
Event: 252.219 Executing VM operation: Cleanup done
Event: 253.225 Executing VM operation: Cleanup
Event: 253.239 Executing VM operation: Cleanup done
Event: 254.243 Executing VM operation: Cleanup
Event: 254.258 Executing VM operation: Cleanup done
Event: 255.264 Executing VM operation: Cleanup
Event: 255.295 Executing VM operation: Cleanup done
Event: 256.298 Executing VM operation: Cleanup
Event: 256.313 Executing VM operation: Cleanup done
Event: 257.320 Executing VM operation: Cleanup
Event: 257.418 Executing VM operation: Cleanup done
Event: 258.421 Executing VM operation: Cleanup
Event: 258.483 Executing VM operation: Cleanup done
Event: 259.493 Executing VM operation: Cleanup
Event: 259.575 Executing VM operation: Cleanup done

Events (20 events):
Event: 244.386 loading class java/util/AbstractCollectionBeanInfo done
Event: 244.386 loading class java/util/AbstractCollectionCustomizer
Event: 244.386 loading class java/util/AbstractCollectionCustomizer done
Event: 244.386 loading class java/util/AbstractCollectionCustomizer
Event: 244.386 loading class java/util/AbstractCollectionCustomizer done
Event: 244.395 loading class sun/reflect/generics/reflectiveObjects/GenericArrayTypeImpl
Event: 244.395 loading class sun/reflect/generics/reflectiveObjects/GenericArrayTypeImpl done
Event: 253.620 loading class sun/reflect/generics/tree/LongSignature
Event: 253.629 loading class sun/reflect/generics/tree/LongSignature done
Event: 259.848 loading class java/util/stream/ReferencePipeline$15
Event: 259.850 loading class java/util/stream/ReferencePipeline$15 done
Event: 259.899 Thread 0x00000297ecefc060 Thread added: 0x00000297ecefc060
Event: 259.899 loading class java/util/stream/ReferencePipeline$15$1
Event: 259.900 loading class java/util/stream/ReferencePipeline$15$1 done
Event: 259.935 Thread 0x00000297ed085080 Thread added: 0x00000297ed085080
Event: 259.936 Thread 0x00000297ecefc530 Thread added: 0x00000297ecefc530
Event: 259.945 Thread 0x00000297ed1c6880 Thread added: 0x00000297ed1c6880
Event: 259.949 Thread 0x00000297ed085a20 Thread added: 0x00000297ed085a20
Event: 259.949 Thread 0x00000297ed082530 Thread added: 0x00000297ed082530
Event: 259.951 Thread 0x00000297ee1193b0 Thread added: 0x00000297ee1193b0


Dynamic libraries:
0x00007ff6d7030000 - 0x00007ff6d7040000 	C:\Program Files\Java\jdk-17.0.5\bin\java.exe
0x00007ffce79b0000 - 0x00007ffce7ba8000 	C:\WINDOWS\SYSTEM32\ntdll.dll
0x00007ffce5ea0000 - 0x00007ffce5f5f000 	C:\WINDOWS\System32\KERNEL32.DLL
0x00007ffce55c0000 - 0x00007ffce58b6000 	C:\WINDOWS\System32\KERNELBASE.dll
0x00007ffce5140000 - 0x00007ffce5240000 	C:\WINDOWS\System32\ucrtbase.dll
0x00007ffcde890000 - 0x00007ffcde8a8000 	C:\Program Files\Java\jdk-17.0.5\bin\jli.dll
0x00007ffce6f20000 - 0x00007ffce6fcf000 	C:\WINDOWS\System32\ADVAPI32.dll
0x00007ffce6390000 - 0x00007ffce642e000 	C:\WINDOWS\System32\msvcrt.dll
0x00007ffce5a10000 - 0x00007ffce5aac000 	C:\WINDOWS\System32\sechost.dll
0x00007ffce6620000 - 0x00007ffce6746000 	C:\WINDOWS\System32\RPCRT4.dll
0x00007ffce5c50000 - 0x00007ffce5ded000 	C:\WINDOWS\System32\USER32.dll
0x00007ffce5370000 - 0x00007ffce5392000 	C:\WINDOWS\System32\win32u.dll
0x00007ffce7230000 - 0x00007ffce725c000 	C:\WINDOWS\System32\GDI32.dll
0x00007ffce58f0000 - 0x00007ffce5a05000 	C:\WINDOWS\System32\gdi32full.dll
0x00007ffce5240000 - 0x00007ffce52dd000 	C:\WINDOWS\System32\msvcp_win.dll
0x00007ffcc2c10000 - 0x00007ffcc2c2a000 	C:\Program Files\Java\jdk-17.0.5\bin\VCRUNTIME140.dll
0x00007ffcc4100000 - 0x00007ffcc439a000 	C:\WINDOWS\WinSxS\amd64_microsoft.windows.common-controls_6595b64144ccf1df_6.0.19041.1110_none_60b5254171f9507e\COMCTL32.dll
0x00007ffcddef0000 - 0x00007ffcddefa000 	C:\WINDOWS\SYSTEM32\VERSION.dll
0x00007ffce7260000 - 0x00007ffce7290000 	C:\WINDOWS\System32\IMM32.DLL
0x00007ffcc2c00000 - 0x00007ffcc2c0c000 	C:\Program Files\Java\jdk-17.0.5\bin\vcruntime140_1.dll
0x00007ffcbe230000 - 0x00007ffcbe2bd000 	C:\Program Files\Java\jdk-17.0.5\bin\msvcp140.dll
0x00007ffc7d8a0000 - 0x00007ffc7e462000 	C:\Program Files\Java\jdk-17.0.5\bin\server\jvm.dll
0x00007ffce5ab0000 - 0x00007ffce5ab8000 	C:\WINDOWS\System32\PSAPI.DLL
0x00007ffcc9880000 - 0x00007ffcc9889000 	C:\WINDOWS\SYSTEM32\WSOCK32.dll
0x00007ffce6550000 - 0x00007ffce65bb000 	C:\WINDOWS\System32\WS2_32.dll
0x00007ffcc0760000 - 0x00007ffcc0787000 	C:\WINDOWS\SYSTEM32\WINMM.dll
0x00007ffce38d0000 - 0x00007ffce38e2000 	C:\WINDOWS\SYSTEM32\kernel.appcore.dll
0x00007ffcc2bf0000 - 0x00007ffcc2bfa000 	C:\Program Files\Java\jdk-17.0.5\bin\jimage.dll
0x00007ffce3680000 - 0x00007ffce3864000 	C:\WINDOWS\SYSTEM32\DBGHELP.DLL
0x00007ffccc690000 - 0x00007ffccc6c4000 	C:\WINDOWS\SYSTEM32\dbgcore.DLL
0x00007ffce52e0000 - 0x00007ffce5362000 	C:\WINDOWS\System32\bcryptPrimitives.dll
0x00007ffcc2be0000 - 0x00007ffcc2bee000 	C:\Program Files\Java\jdk-17.0.5\bin\instrument.dll
0x00007ffcbe200000 - 0x00007ffcbe225000 	C:\Program Files\Java\jdk-17.0.5\bin\java.dll
0x00007ffcbb5a0000 - 0x00007ffcbb676000 	C:\Program Files\Java\jdk-17.0.5\bin\jsvml.dll
0x00007ffce6750000 - 0x00007ffce6e94000 	C:\WINDOWS\System32\SHELL32.dll
0x00007ffce2ee0000 - 0x00007ffce3673000 	C:\WINDOWS\SYSTEM32\windows.storage.dll
0x00007ffce6030000 - 0x00007ffce6384000 	C:\WINDOWS\System32\combase.dll
0x00007ffce4930000 - 0x00007ffce495e000 	C:\WINDOWS\SYSTEM32\Wldp.dll
0x00007ffce5f80000 - 0x00007ffce602d000 	C:\WINDOWS\System32\SHCORE.dll
0x00007ffce65c0000 - 0x00007ffce6615000 	C:\WINDOWS\System32\shlwapi.dll
0x00007ffce4fd0000 - 0x00007ffce4fef000 	C:\WINDOWS\SYSTEM32\profapi.dll
0x00007ffcc2bc0000 - 0x00007ffcc2bd8000 	C:\Program Files\Java\jdk-17.0.5\bin\zip.dll
0x00007ffcbe1e0000 - 0x00007ffcbe1f9000 	C:\Program Files\Java\jdk-17.0.5\bin\net.dll
0x00007ffcdb580000 - 0x00007ffcdb68a000 	C:\WINDOWS\SYSTEM32\WINHTTP.dll
0x00007ffce4710000 - 0x00007ffce477a000 	C:\WINDOWS\system32\mswsock.dll
0x00007ffcbe1c0000 - 0x00007ffcbe1d6000 	C:\Program Files\Java\jdk-17.0.5\bin\nio.dll
0x00007ffcc1530000 - 0x00007ffcc1540000 	C:\Program Files\Java\jdk-17.0.5\bin\verify.dll
0x00007ffcbe2c0000 - 0x00007ffcbe2e7000 	C:\Users\USER\.gradle\native\c067742578af261105cb4f569cf0c3c89f3d7b1fecec35dd04571415982c5e48\windows-amd64\native-platform.dll
0x00007ffc5a020000 - 0x00007ffc5a164000 	C:\Users\USER\.gradle\native\100fb08df4bc3b14c8652ba06237920a3bd2aa13389f12d3474272988ae205f9\windows-amd64\native-platform-file-events.dll
0x00007ffcc14a0000 - 0x00007ffcc14a9000 	C:\Program Files\Java\jdk-17.0.5\bin\management.dll
0x00007ffcc1220000 - 0x00007ffcc122b000 	C:\Program Files\Java\jdk-17.0.5\bin\management_ext.dll
0x00007ffce4970000 - 0x00007ffce4988000 	C:\WINDOWS\SYSTEM32\CRYPTSP.dll
0x00007ffce4050000 - 0x00007ffce4084000 	C:\WINDOWS\system32\rsaenh.dll
0x00007ffce58c0000 - 0x00007ffce58e7000 	C:\WINDOWS\System32\bcrypt.dll
0x00007ffce4f90000 - 0x00007ffce4fbe000 	C:\WINDOWS\SYSTEM32\USERENV.dll
0x00007ffce48a0000 - 0x00007ffce48ac000 	C:\WINDOWS\SYSTEM32\CRYPTBASE.dll
0x00007ffce4420000 - 0x00007ffce445c000 	C:\WINDOWS\SYSTEM32\IPHLPAPI.DLL
0x00007ffce5e00000 - 0x00007ffce5e08000 	C:\WINDOWS\System32\NSI.dll
0x00007ffcdd170000 - 0x00007ffcdd187000 	C:\WINDOWS\SYSTEM32\dhcpcsvc6.DLL
0x00007ffcdd130000 - 0x00007ffcdd14d000 	C:\WINDOWS\SYSTEM32\dhcpcsvc.DLL
0x00007ffce4460000 - 0x00007ffce452b000 	C:\WINDOWS\SYSTEM32\DNSAPI.dll
0x00007ffcc11b0000 - 0x00007ffcc11be000 	C:\Program Files\Java\jdk-17.0.5\bin\sunmscapi.dll
0x00007ffce53f0000 - 0x00007ffce554e000 	C:\WINDOWS\System32\CRYPT32.dll
0x00007ffce4a80000 - 0x00007ffce4aa8000 	C:\WINDOWS\SYSTEM32\ncrypt.dll
0x00007ffce4a40000 - 0x00007ffce4a7b000 	C:\WINDOWS\SYSTEM32\NTASN1.dll
0x00007ffcd4260000 - 0x00007ffcd4267000 	C:\WINDOWS\system32\wshunix.dll

dbghelp: loaded successfully - version: 4.0.5 - missing functions: none
symbol engine: initialized successfully - sym options: 0x614 - pdb path: .;C:\Program Files\Java\jdk-17.0.5\bin;C:\WINDOWS\SYSTEM32;C:\WINDOWS\WinSxS\amd64_microsoft.windows.common-controls_6595b64144ccf1df_6.0.19041.1110_none_60b5254171f9507e;C:\Program Files\Java\jdk-17.0.5\bin\server;C:\Users\USER\.gradle\native\c067742578af261105cb4f569cf0c3c89f3d7b1fecec35dd04571415982c5e48\windows-amd64;C:\Users\USER\.gradle\native\100fb08df4bc3b14c8652ba06237920a3bd2aa13389f12d3474272988ae205f9\windows-amd64

VM Arguments:
jvm_args: --add-opens=java.base/java.util=ALL-UNNAMED --add-opens=java.base/java.lang=ALL-UNNAMED --add-opens=java.base/java.lang.invoke=ALL-UNNAMED --add-opens=java.prefs/java.util.prefs=ALL-UNNAMED --add-opens=java.base/java.nio.charset=ALL-UNNAMED --add-opens=java.base/java.net=ALL-UNNAMED --add-opens=java.base/java.util.concurrent.atomic=ALL-UNNAMED -XX:MaxMetaspaceSize=384m -XX:+HeapDumpOnOutOfMemoryError -Xms256m -Xmx512m -Dfile.encoding=x-windows-949 -Duser.country=KR -Duser.language=ko -Duser.variant -javaagent:C:\Users\USER\.gradle\wrapper\dists\gradle-8.8-bin\dl7vupf4psengwqhwktix4v1\gradle-8.8\lib\agents\gradle-instrumentation-agent-8.8.jar 
java_command: org.gradle.launcher.daemon.bootstrap.GradleDaemon 8.8
java_class_path (initial): C:\Users\USER\.gradle\wrapper\dists\gradle-8.8-bin\dl7vupf4psengwqhwktix4v1\gradle-8.8\lib\gradle-launcher-8.8.jar
Launcher Type: SUN_STANDARD

[Global flags]
     intx CICompilerCount                          = 4                                         {product} {ergonomic}
   size_t CompressedClassSpaceSize                 = 322961408                                 {product} {ergonomic}
     uint ConcGCThreads                            = 2                                         {product} {ergonomic}
     uint G1ConcRefinementThreads                  = 8                                         {product} {ergonomic}
   size_t G1HeapRegionSize                         = 1048576                                   {product} {ergonomic}
    uintx GCDrainStackTargetSize                   = 64                                        {product} {ergonomic}
     bool HeapDumpOnOutOfMemoryError               = true                                   {manageable} {command line}
   size_t InitialHeapSize                          = 268435456                                 {product} {command line}
   size_t MarkStackSize                            = 4194304                                   {product} {ergonomic}
   size_t MaxHeapSize                              = 536870912                                 {product} {command line}
   size_t MaxMetaspaceSize                         = 402653184                                 {product} {command line}
   size_t MaxNewSize                               = 321912832                                 {product} {ergonomic}
   size_t MinHeapDeltaBytes                        = 1048576                                   {product} {ergonomic}
   size_t MinHeapSize                              = 268435456                                 {product} {command line}
    uintx NonNMethodCodeHeapSize                   = 5839372                                {pd product} {ergonomic}
    uintx NonProfiledCodeHeapSize                  = 122909434                              {pd product} {ergonomic}
    uintx ProfiledCodeHeapSize                     = 122909434                              {pd product} {ergonomic}
    uintx ReservedCodeCacheSize                    = 251658240                              {pd product} {ergonomic}
     bool SegmentedCodeCache                       = true                                      {product} {ergonomic}
   size_t SoftMaxHeapSize                          = 536870912                              {manageable} {ergonomic}
     bool UseCompressedClassPointers               = true                           {product lp64_product} {ergonomic}
     bool UseCompressedOops                        = true                           {product lp64_product} {ergonomic}
     bool UseG1GC                                  = true                                      {product} {ergonomic}
     bool UseLargePagesIndividualAllocation        = false                                  {pd product} {ergonomic}

Logging:
Log output configuration:
 #0: stdout all=warning uptime,level,tags
 #1: stderr all=off uptime,level,tags

Environment Variables:
JAVA_HOME=C:\Program Files\Java\jdk-17.0.5
PATH=C:\Program Files\Java\jdk-17.0.5\bin;C:\app\USER\product\21c\dbhomeXE\bin;C:\Program Files\Python310\Scripts\;C:\Program Files\Python310\;C:\WINDOWS\system32;C:\WINDOWS;C:\WINDOWS\System32\Wbem;C:\WINDOWS\System32\WindowsPowerShell\v1.0\;C:\WINDOWS\System32\OpenSSH\;C:\Program Files\Git\cmd;C:\Program Files\dotnet\;C:\Program Files\nodejs\;C:\Program Files\Docker\Docker\resources\bin;C:\ProgramData\DockerDesktop\version-bin;C:\Program Files\MATLAB\R2023a\bin;C:\Program Files\Zulu\zulu-8\bin\;C:\Program Files\PuTTY\;C:\Program Files\Java\jdk-17.0.5;C:\Users\USER\AppData\Local\Microsoft\WindowsApps;C:\Users\USER\AppData\Local\Microsoft\WindowsApps;C:\Users\USER\.dotnet\tools;C:\Users\USER\AppData\Local\Programs\Microsoft VS Code\bin;C:\Program Files\JetBrains\IntelliJ IDEA Community Edition 2022.1.3\bin;C:\Users\USER\AppData\Roaming\npm;C:\Users\USER\AppData\Local\afreeca;C:\Users\USER\AppData\Local\Android\Sdk\platform-tools;C:\Users\USER\AppData\Local\GitHubDesktop\bin;;C:\Program Files\JetBrains\IntelliJ IDEA 2024.1.2\bin;
USERNAME=USER
OS=Windows_NT
PROCESSOR_IDENTIFIER=Intel64 Family 6 Model 126 Stepping 5, GenuineIntel



---------------  S Y S T E M  ---------------

OS:
 Windows 10 , 64 bit Build 19041 (10.0.19041.2913)
OS uptime: 0 days 4:21 hours
Hyper-V role detected

CPU: total 8 (initial active 8) (4 cores per cpu, 2 threads per core) family 6 model 126 stepping 5 microcode 0xa8, cx8, cmov, fxsr, ht, mmx, 3dnowpref, sse, sse2, sse3, ssse3, sse4.1, sse4.2, popcnt, lzcnt, tsc, tscinvbit, avx, avx2, aes, erms, clmul, bmi1, bmi2, adx, avx512f, avx512dq, avx512cd, avx512bw, avx512vl, sha, fma, vzeroupper, avx512_vpopcntdq, avx512_vpclmulqdq, avx512_vaes, avx512_vnni, clflush, clflushopt, avx512_vbmi2, avx512_vbmi, hv

Memory: 4k page, system-wide physical 7880M (53M free)
TotalPageFile size 32456M (AvailPageFile size 5M)
current process WorkingSet (physical memory assigned to process): 154M, peak: 217M
current process commit charge ("private bytes"): 467M, peak: 469M

vm_info: Java HotSpot(TM) 64-Bit Server VM (17.0.5+9-LTS-191) for windows-amd64 JRE (17.0.5+9-LTS-191), built on Sep 13 2022 17:31:43 by "mach5one" with MS VC++ 16.8 / 16.9 (VS2019)

END.
